{"numTotalTestSuites":79,"numPassedTestSuites":79,"numFailedTestSuites":0,"numPendingTestSuites":0,"numTotalTests":263,"numPassedTests":263,"numFailedTests":0,"numPendingTests":0,"numTodoTests":0,"snapshot":{"added":0,"failure":false,"filesAdded":0,"filesRemoved":0,"filesRemovedList":[],"filesUnmatched":0,"filesUpdated":0,"matched":0,"total":0,"unchecked":0,"uncheckedKeysByFile":[],"unmatched":0,"updated":0,"didUpdate":false},"startTime":1774908647952,"success":true,"testResults":[{"assertionResults":[{"ancestorTitles":["CostTracker","getTotalCost"],"fullName":"CostTracker getTotalCost returns 0 with no documents","status":"passed","title":"returns 0 with no documents","duration":1.4257499999999936,"failureMessages":[],"meta":{},"tags":[]},{"ancestorTitles":["CostTracker","getTotalCost"],"fullName":"CostTracker getTotalCost returns cost of single document","status":"passed","title":"returns cost of single document","duration":0.1693339999999921,"failureMessages":[],"meta":{},"tags":[]},{"ancestorTitles":["CostTracker","getTotalCost"],"fullName":"CostTracker getTotalCost accumulates costs from multiple documents","status":"passed","title":"accumulates costs from multiple documents","duration":0.8483330000000251,"failureMessages":[],"meta":{},"tags":[]},{"ancestorTitles":["CostTracker","isOverLimit"],"fullName":"CostTracker isOverLimit returns false when limit is null","status":"passed","title":"returns false when limit is null","duration":0.5986250000000268,"failureMessages":[],"meta":{},"tags":[]},{"ancestorTitles":["CostTracker","isOverLimit"],"fullName":"CostTracker isOverLimit returns false when under limit","status":"passed","title":"returns false when under limit","duration":0.5039580000000115,"failureMessages":[],"meta":{},"tags":[]},{"ancestorTitles":["CostTracker","isOverLimit"],"fullName":"CostTracker isOverLimit returns true when over limit","status":"passed","title":"returns true when over limit","duration":0.10995900000000347,"failureMessages":[],"meta":{},"tags":[]},{"ancestorTitles":["CostTracker","isOverLimit"],"fullName":"CostTracker isOverLimit returns false at exact limit (uses > not >=)","status":"passed","title":"returns false at exact limit (uses > not >=)","duration":0.13349999999996953,"failureMessages":[],"meta":{},"tags":[]},{"ancestorTitles":["CostTracker","getSummary"],"fullName":"CostTracker getSummary returns zero totals with no documents","status":"passed","title":"returns zero totals with no documents","duration":0.6074999999999591,"failureMessages":[],"meta":{},"tags":[]},{"ancestorTitles":["CostTracker","getSummary"],"fullName":"CostTracker getSummary returns correct totals for multiple documents","status":"passed","title":"returns correct totals for multiple documents","duration":0.49099999999998545,"failureMessages":[],"meta":{},"tags":[]},{"ancestorTitles":["CostTracker","getSummary"],"fullName":"CostTracker getSummary returns a copy of documents array","status":"passed","title":"returns a copy of documents array","duration":0.8312080000000037,"failureMessages":[],"meta":{},"tags":[]},{"ancestorTitles":["CostTracker","getSummary"],"fullName":"CostTracker getSummary includes per-document data","status":"passed","title":"includes per-document data","duration":0.6147090000000048,"failureMessages":[],"meta":{},"tags":[]}],"startTime":1774908649156,"endTime":1774908649162.8313,"status":"passed","message":"","name":"/Users/carlrobinson/Desktop/closed_source/onpush-cli/src/generation/__tests__/cost.test.ts"},{"assertionResults":[{"ancestorTitles":["buildSystemPrompt"],"fullName":"buildSystemPrompt includes project name","status":"passed","title":"includes project name","duration":1.3498749999999973,"failureMessages":[],"meta":{},"tags":[]},{"ancestorTitles":["buildSystemPrompt"],"fullName":"buildSystemPrompt includes project description","status":"passed","title":"includes project description","duration":0.18195800000000872,"failureMessages":[],"meta":{},"tags":[]},{"ancestorTitles":["buildSystemPrompt"],"fullName":"buildSystemPrompt includes single repo path for single-repo config","status":"passed","title":"includes single repo path for single-repo config","duration":0.11387500000000728,"failureMessages":[],"meta":{},"tags":[]},{"ancestorTitles":["buildSystemPrompt"],"fullName":"buildSystemPrompt lists all repos for multi-repo config","status":"passed","title":"lists all repos for multi-repo config","duration":0.1655420000000163,"failureMessages":[],"meta":{},"tags":[]},{"ancestorTitles":["buildSystemPrompt"],"fullName":"buildSystemPrompt includes per-type prompt for built-in types","status":"passed","title":"includes per-type prompt for built-in types","duration":0.0877079999999637,"failureMessages":[],"meta":{},"tags":[]},{"ancestorTitles":["buildSystemPrompt"],"fullName":"buildSystemPrompt uses description for custom types not in PROMPT_MAP","status":"passed","title":"uses description for custom types not in PROMPT_MAP","duration":0.19562500000000682,"failureMessages":[],"meta":{},"tags":[]},{"ancestorTitles":["buildSystemPrompt"],"fullName":"buildSystemPrompt includes custom user prompt from docType.prompt","status":"passed","title":"includes custom user prompt from docType.prompt","duration":0.12966699999998355,"failureMessages":[],"meta":{},"tags":[]},{"ancestorTitles":["buildSystemPrompt"],"fullName":"buildSystemPrompt does not include Additional Instructions when no custom prompt","status":"passed","title":"does not include Additional Instructions when no custom prompt","duration":0.10858400000000756,"failureMessages":[],"meta":{},"tags":[]},{"ancestorTitles":["buildSystemPrompt"],"fullName":"buildSystemPrompt includes TOC instruction when toc is true","status":"passed","title":"includes TOC instruction when toc is true","duration":0.5099579999999833,"failureMessages":[],"meta":{},"tags":[]},{"ancestorTitles":["buildSystemPrompt"],"fullName":"buildSystemPrompt does not include TOC instruction when toc is false","status":"passed","title":"does not include TOC instruction when toc is false","duration":0.1299579999999878,"failureMessages":[],"meta":{},"tags":[]},{"ancestorTitles":["buildSystemPrompt"],"fullName":"buildSystemPrompt includes incremental mode sections when applicable","status":"passed","title":"includes incremental mode sections when applicable","duration":0.3907499999999686,"failureMessages":[],"meta":{},"tags":[]},{"ancestorTitles":["buildSystemPrompt"],"fullName":"buildSystemPrompt does not include incremental sections for full generation","status":"passed","title":"does not include incremental sections for full generation","duration":0.11379199999998946,"failureMessages":[],"meta":{},"tags":[]},{"ancestorTitles":["buildSystemPrompt"],"fullName":"buildSystemPrompt includes save_document instruction","status":"passed","title":"includes save_document instruction","duration":0.0861250000000382,"failureMessages":[],"meta":{},"tags":[]},{"ancestorTitles":["buildTriagePrompt"],"fullName":"buildTriagePrompt includes project name","status":"passed","title":"includes project name","duration":0.11716700000005176,"failureMessages":[],"meta":{},"tags":[]},{"ancestorTitles":["buildTriagePrompt"],"fullName":"buildTriagePrompt lists enabled types with slug, name, and description","status":"passed","title":"lists enabled types with slug, name, and description","duration":0.11441600000000562,"failureMessages":[],"meta":{},"tags":[]},{"ancestorTitles":["buildTriagePrompt"],"fullName":"buildTriagePrompt lists changed repos with SHA ranges","status":"passed","title":"lists changed repos with SHA ranges","duration":0.06816700000001674,"failureMessages":[],"meta":{},"tags":[]},{"ancestorTitles":["buildTriagePrompt"],"fullName":"buildTriagePrompt shows (new) for repos with no fromSha","status":"passed","title":"shows (new) for repos with no fromSha","duration":0.04420799999996916,"failureMessages":[],"meta":{},"tags":[]},{"ancestorTitles":["buildTriagePrompt"],"fullName":"buildTriagePrompt includes JSON array instruction","status":"passed","title":"includes JSON array instruction","duration":0.04041699999999082,"failureMessages":[],"meta":{},"tags":[]},{"ancestorTitles":["buildTriagePrompt"],"fullName":"buildTriagePrompt only lists repos with changes","status":"passed","title":"only lists repos with changes","duration":0.05691699999999855,"failureMessages":[],"meta":{},"tags":[]}],"startTime":1774908649294,"endTime":1774908649298.1172,"status":"passed","message":"","name":"/Users/carlrobinson/Desktop/closed_source/onpush-cli/src/generation/__tests__/prompts-system.test.ts"},{"assertionResults":[{"ancestorTitles":["getDiffSummary"],"fullName":"getDiffSummary maps fields correctly from git output","status":"passed","title":"maps fields correctly from git output","duration":2.1440840000000208,"failureMessages":[],"meta":{},"tags":[]},{"ancestorTitles":["getDiffSummary"],"fullName":"getDiffSummary handles missing changes/insertions/deletions fields","status":"passed","title":"handles missing changes/insertions/deletions fields","duration":0.32645899999999983,"failureMessages":[],"meta":{},"tags":[]},{"ancestorTitles":["getDiffSummary"],"fullName":"getDiffSummary passes correct SHAs to diffSummary","status":"passed","title":"passes correct SHAs to diffSummary","duration":0.46187500000002046,"failureMessages":[],"meta":{},"tags":[]},{"ancestorTitles":["getDiffText"],"fullName":"getDiffText returns raw diff string","status":"passed","title":"returns raw diff string","duration":0.11991599999998925,"failureMessages":[],"meta":{},"tags":[]},{"ancestorTitles":["getDiffText"],"fullName":"getDiffText passes correct SHAs to diff","status":"passed","title":"passes correct SHAs to diff","duration":0.3078750000000241,"failureMessages":[],"meta":{},"tags":[]}],"startTime":1774908649244,"endTime":1774908649248.3079,"status":"passed","message":"","name":"/Users/carlrobinson/Desktop/closed_source/onpush-cli/src/git/__tests__/diff.test.ts"},{"assertionResults":[{"ancestorTitles":["isGitRepo"],"fullName":"isGitRepo returns true for valid git repo","status":"passed","title":"returns true for valid git repo","duration":2.8442079999999805,"failureMessages":[],"meta":{},"tags":[]},{"ancestorTitles":["isGitRepo"],"fullName":"isGitRepo returns false for non-git directory","status":"passed","title":"returns false for non-git directory","duration":0.19333399999993617,"failureMessages":[],"meta":{},"tags":[]},{"ancestorTitles":["listTrackedFiles"],"fullName":"listTrackedFiles returns all files when no exclude patterns","status":"passed","title":"returns all files when no exclude patterns","duration":2.057374999999979,"failureMessages":[],"meta":{},"tags":[]},{"ancestorTitles":["listTrackedFiles"],"fullName":"listTrackedFiles filters files matching exclude patterns","status":"passed","title":"filters files matching exclude patterns","duration":2.5058329999999387,"failureMessages":[],"meta":{},"tags":[]},{"ancestorTitles":["listTrackedFiles"],"fullName":"listTrackedFiles handles empty file list","status":"passed","title":"handles empty file list","duration":0.273708000000056,"failureMessages":[],"meta":{},"tags":[]},{"ancestorTitles":["listTrackedFiles"],"fullName":"listTrackedFiles trims whitespace from file names","status":"passed","title":"trims whitespace from file names","duration":0.10537500000009459,"failureMessages":[],"meta":{},"tags":[]},{"ancestorTitles":["listTrackedFiles"],"fullName":"listTrackedFiles filters empty lines from git output","status":"passed","title":"filters empty lines from git output","duration":0.18870800000001964,"failureMessages":[],"meta":{},"tags":[]},{"ancestorTitles":["listTrackedFiles"],"fullName":"listTrackedFiles applies multiple exclude patterns","status":"passed","title":"applies multiple exclude patterns","duration":1.6472079999999778,"failureMessages":[],"meta":{},"tags":[]}],"startTime":1774908648824,"endTime":1774908648835.6472,"status":"passed","message":"","name":"/Users/carlrobinson/Desktop/closed_source/onpush-cli/src/git/__tests__/files.test.ts"},{"assertionResults":[{"ancestorTitles":["getHeadSha"],"fullName":"getHeadSha returns trimmed SHA","status":"passed","title":"returns trimmed SHA","duration":1.479167000000018,"failureMessages":[],"meta":{},"tags":[]},{"ancestorTitles":["getHeadSha"],"fullName":"getHeadSha passes HEAD to revparse","status":"passed","title":"passes HEAD to revparse","duration":0.7630420000000413,"failureMessages":[],"meta":{},"tags":[]},{"ancestorTitles":["getCommitCount"],"fullName":"getCommitCount returns log.total","status":"passed","title":"returns log.total","duration":0.1382499999999709,"failureMessages":[],"meta":{},"tags":[]},{"ancestorTitles":["getCommitCount"],"fullName":"getCommitCount passes from and to SHAs to git.log","status":"passed","title":"passes from and to SHAs to git.log","duration":0.3709169999999631,"failureMessages":[],"meta":{},"tags":[]}],"startTime":1774908649202,"endTime":1774908649204.3708,"status":"passed","message":"","name":"/Users/carlrobinson/Desktop/closed_source/onpush-cli/src/git/__tests__/history.test.ts"},{"assertionResults":[{"ancestorTitles":["generateFrontmatter"],"fullName":"generateFrontmatter produces YAML block delimited by ---","status":"passed","title":"produces YAML block delimited by ---","duration":9.220667000000049,"failureMessages":[],"meta":{},"tags":[]},{"ancestorTitles":["generateFrontmatter"],"fullName":"generateFrontmatter includes title field","status":"passed","title":"includes title field","duration":1.041417000000024,"failureMessages":[],"meta":{},"tags":[]},{"ancestorTitles":["generateFrontmatter"],"fullName":"generateFrontmatter includes generated_by: onpush","status":"passed","title":"includes generated_by: onpush","duration":0.40599999999994907,"failureMessages":[],"meta":{},"tags":[]},{"ancestorTitles":["generateFrontmatter"],"fullName":"generateFrontmatter includes version and model","status":"passed","title":"includes version and model","duration":0.336667000000034,"failureMessages":[],"meta":{},"tags":[]},{"ancestorTitles":["generateFrontmatter"],"fullName":"generateFrontmatter uses provided generatedAt","status":"passed","title":"uses provided generatedAt","duration":0.28158399999995254,"failureMessages":[],"meta":{},"tags":[]},{"ancestorTitles":["generateFrontmatter"],"fullName":"generateFrontmatter uses current date when generatedAt not provided","status":"passed","title":"uses current date when generatedAt not provided","duration":0.29912500000000364,"failureMessages":[],"meta":{},"tags":[]},{"ancestorTitles":["parseFrontmatter"],"fullName":"parseFrontmatter extracts frontmatter and body from well-formed content","status":"passed","title":"extracts frontmatter and body from well-formed content","duration":2.8194169999999303,"failureMessages":[],"meta":{},"tags":[]},{"ancestorTitles":["parseFrontmatter"],"fullName":"parseFrontmatter returns empty frontmatter and full body when no frontmatter","status":"passed","title":"returns empty frontmatter and full body when no frontmatter","duration":0.3812910000000329,"failureMessages":[],"meta":{},"tags":[]},{"ancestorTitles":["parseFrontmatter"],"fullName":"parseFrontmatter returns empty frontmatter on invalid YAML","status":"passed","title":"returns empty frontmatter on invalid YAML","duration":1.3422910000000456,"failureMessages":[],"meta":{},"tags":[]},{"ancestorTitles":["parseFrontmatter"],"fullName":"parseFrontmatter handles content with only frontmatter (empty body)","status":"passed","title":"handles content with only frontmatter (empty body)","duration":0.5624169999999822,"failureMessages":[],"meta":{},"tags":[]},{"ancestorTitles":["parseFrontmatter"],"fullName":"parseFrontmatter roundtrips: generate then parse returns original values","status":"passed","title":"roundtrips: generate then parse returns original values","duration":1.0465000000000373,"failureMessages":[],"meta":{},"tags":[]}],"startTime":1774908648846,"endTime":1774908648864.0464,"status":"passed","message":"","name":"/Users/carlrobinson/Desktop/closed_source/onpush-cli/src/output/__tests__/frontmatter.test.ts"},{"assertionResults":[{"ancestorTitles":["mergeDocuments"],"fullName":"mergeDocuments sorts documents by canonical DOCUMENT_TYPE_ORDER","status":"passed","title":"sorts documents by canonical DOCUMENT_TYPE_ORDER","duration":8.951915999999983,"failureMessages":[],"meta":{},"tags":[]},{"ancestorTitles":["mergeDocuments"],"fullName":"mergeDocuments sorts custom types alphabetically after built-ins","status":"passed","title":"sorts custom types alphabetically after built-ins","duration":11.38108299999999,"failureMessages":[],"meta":{},"tags":[]},{"ancestorTitles":["mergeDocuments"],"fullName":"mergeDocuments generates frontmatter with Complete Documentation title","status":"passed","title":"generates frontmatter with Complete Documentation title","duration":0.478917000000024,"failureMessages":[],"meta":{},"tags":[]},{"ancestorTitles":["mergeDocuments"],"fullName":"mergeDocuments includes table of contents with links","status":"passed","title":"includes table of contents with links","duration":0.3355419999999185,"failureMessages":[],"meta":{},"tags":[]},{"ancestorTitles":["mergeDocuments"],"fullName":"mergeDocuments separates documents with --- horizontal rules","status":"passed","title":"separates documents with --- horizontal rules","duration":0.2914580000000342,"failureMessages":[],"meta":{},"tags":[]},{"ancestorTitles":["mergeDocuments"],"fullName":"mergeDocuments handles empty documents array","status":"passed","title":"handles empty documents array","duration":0.3595830000000433,"failureMessages":[],"meta":{},"tags":[]},{"ancestorTitles":["mergeDocuments"],"fullName":"mergeDocuments handles single document correctly","status":"passed","title":"handles single document correctly","duration":0.23016699999993762,"failureMessages":[],"meta":{},"tags":[]},{"ancestorTitles":["mergeDocuments"],"fullName":"mergeDocuments preserves document content","status":"passed","title":"preserves document content","duration":0.19537500000001273,"failureMessages":[],"meta":{},"tags":[]},{"ancestorTitles":["mergeDocuments"],"fullName":"mergeDocuments includes model in frontmatter","status":"passed","title":"includes model in frontmatter","duration":0.995375000000081,"failureMessages":[],"meta":{},"tags":[]}],"startTime":1774908648865,"endTime":1774908648887.9954,"status":"passed","message":"","name":"/Users/carlrobinson/Desktop/closed_source/onpush-cli/src/output/__tests__/merger.test.ts"},{"assertionResults":[{"ancestorTitles":["ensureOutputDir"],"fullName":"ensureOutputDir calls mkdir with recursive: true","status":"passed","title":"calls mkdir with recursive: true","duration":2.8334169999999403,"failureMessages":[],"meta":{},"tags":[]},{"ancestorTitles":["writeDocument"],"fullName":"writeDocument writes file with frontmatter prepended","status":"passed","title":"writes file with frontmatter prepended","duration":5.601832999999942,"failureMessages":[],"meta":{},"tags":[]},{"ancestorTitles":["writeDocument"],"fullName":"writeDocument uses filename_template with {slug} replaced","status":"passed","title":"uses filename_template with {slug} replaced","duration":0.7277500000000146,"failureMessages":[],"meta":{},"tags":[]},{"ancestorTitles":["writeDocument"],"fullName":"writeDocument creates parent directory before writing","status":"passed","title":"creates parent directory before writing","duration":0.2956249999999727,"failureMessages":[],"meta":{},"tags":[]},{"ancestorTitles":["writeDocument"],"fullName":"writeDocument returns full path of written file","status":"passed","title":"returns full path of written file","duration":0.36104199999999764,"failureMessages":[],"meta":{},"tags":[]},{"ancestorTitles":["writeDocument"],"fullName":"writeDocument content ends with newline","status":"passed","title":"content ends with newline","duration":0.17470800000000963,"failureMessages":[],"meta":{},"tags":[]},{"ancestorTitles":["writeDocument"],"fullName":"writeDocument throws on path traversal with ../evil slug","status":"passed","title":"throws on path traversal with ../evil slug","duration":0.8721669999999904,"failureMessages":[],"meta":{},"tags":[]},{"ancestorTitles":["writeDocument"],"fullName":"writeDocument throws on path traversal with absolute template","status":"passed","title":"throws on path traversal with absolute template","duration":0.2037920000000213,"failureMessages":[],"meta":{},"tags":[]},{"ancestorTitles":["writeDocument"],"fullName":"writeDocument handles nested filename_template","status":"passed","title":"handles nested filename_template","duration":0.5809169999999995,"failureMessages":[],"meta":{},"tags":[]}],"startTime":1774908648856,"endTime":1774908648868.5808,"status":"passed","message":"","name":"/Users/carlrobinson/Desktop/closed_source/onpush-cli/src/output/__tests__/writer.test.ts"},{"assertionResults":[{"ancestorTitles":["resolveAuth"],"fullName":"resolveAuth returns api_key type when flag provided","status":"passed","title":"returns api_key type when flag provided","duration":1.4556249999999409,"failureMessages":[],"meta":{},"tags":[]},{"ancestorTitles":["resolveAuth"],"fullName":"resolveAuth returns env type when ANTHROPIC_API_KEY set","status":"passed","title":"returns env type when ANTHROPIC_API_KEY set","duration":0.21516600000006747,"failureMessages":[],"meta":{},"tags":[]},{"ancestorTitles":["resolveAuth"],"fullName":"resolveAuth returns claude_code type when no flag and no env","status":"passed","title":"returns claude_code type when no flag and no env","duration":0.10654199999999037,"failureMessages":[],"meta":{},"tags":[]},{"ancestorTitles":["resolveAuth"],"fullName":"resolveAuth flag takes priority over env var","status":"passed","title":"flag takes priority over env var","duration":0.25683300000002873,"failureMessages":[],"meta":{},"tags":[]},{"ancestorTitles":["resolveAuth"],"fullName":"resolveAuth claude_code result does not include apiKey","status":"passed","title":"claude_code result does not include apiKey","duration":0.15095900000005713,"failureMessages":[],"meta":{},"tags":[]},{"ancestorTitles":["resolveCopilotAuth"],"fullName":"resolveCopilotAuth returns github_token type when flag provided","status":"passed","title":"returns github_token type when flag provided","duration":0.12591700000007222,"failureMessages":[],"meta":{},"tags":[]},{"ancestorTitles":["resolveCopilotAuth"],"fullName":"resolveCopilotAuth returns github_env from COPILOT_GITHUB_TOKEN","status":"passed","title":"returns github_env from COPILOT_GITHUB_TOKEN","duration":0.1851249999999709,"failureMessages":[],"meta":{},"tags":[]},{"ancestorTitles":["resolveCopilotAuth"],"fullName":"resolveCopilotAuth returns github_env from GH_TOKEN when no COPILOT_GITHUB_TOKEN","status":"passed","title":"returns github_env from GH_TOKEN when no COPILOT_GITHUB_TOKEN","duration":0.1124170000000504,"failureMessages":[],"meta":{},"tags":[]},{"ancestorTitles":["resolveCopilotAuth"],"fullName":"resolveCopilotAuth returns github_env from GITHUB_TOKEN as last env fallback","status":"passed","title":"returns github_env from GITHUB_TOKEN as last env fallback","duration":0.34666600000002745,"failureMessages":[],"meta":{},"tags":[]},{"ancestorTitles":["resolveCopilotAuth"],"fullName":"resolveCopilotAuth prefers COPILOT_GITHUB_TOKEN over GH_TOKEN","status":"passed","title":"prefers COPILOT_GITHUB_TOKEN over GH_TOKEN","duration":0.09829199999990124,"failureMessages":[],"meta":{},"tags":[]},{"ancestorTitles":["resolveCopilotAuth"],"fullName":"resolveCopilotAuth prefers GH_TOKEN over GITHUB_TOKEN","status":"passed","title":"prefers GH_TOKEN over GITHUB_TOKEN","duration":0.1347920000000613,"failureMessages":[],"meta":{},"tags":[]},{"ancestorTitles":["resolveCopilotAuth"],"fullName":"resolveCopilotAuth returns github_cli type when no flag and no env","status":"passed","title":"returns github_cli type when no flag and no env","duration":0.07670800000005329,"failureMessages":[],"meta":{},"tags":[]},{"ancestorTitles":["resolveCopilotAuth"],"fullName":"resolveCopilotAuth flag takes priority over all env vars","status":"passed","title":"flag takes priority over all env vars","duration":0.059041999999976724,"failureMessages":[],"meta":{},"tags":[]},{"ancestorTitles":["resolveOpencodeAuth"],"fullName":"resolveOpencodeAuth returns opencode_api_key type when flag provided","status":"passed","title":"returns opencode_api_key type when flag provided","duration":0.12895800000001145,"failureMessages":[],"meta":{},"tags":[]},{"ancestorTitles":["resolveOpencodeAuth"],"fullName":"resolveOpencodeAuth returns opencode_api_key from ANTHROPIC_API_KEY env var","status":"passed","title":"returns opencode_api_key from ANTHROPIC_API_KEY env var","duration":0.05387499999994816,"failureMessages":[],"meta":{},"tags":[]},{"ancestorTitles":["resolveOpencodeAuth"],"fullName":"resolveOpencodeAuth returns opencode_managed when no flag and no env","status":"passed","title":"returns opencode_managed when no flag and no env","duration":0.04720800000006875,"failureMessages":[],"meta":{},"tags":[]},{"ancestorTitles":["resolveOpencodeAuth"],"fullName":"resolveOpencodeAuth flag takes priority over env var","status":"passed","title":"flag takes priority over env var","duration":0.10616700000002766,"failureMessages":[],"meta":{},"tags":[]},{"ancestorTitles":["resolveAuthForProvider"],"fullName":"resolveAuthForProvider dispatches to resolveAuth for anthropic","status":"passed","title":"dispatches to resolveAuth for anthropic","duration":0.08354199999996581,"failureMessages":[],"meta":{},"tags":[]},{"ancestorTitles":["resolveAuthForProvider"],"fullName":"resolveAuthForProvider dispatches to resolveCopilotAuth for copilot","status":"passed","title":"dispatches to resolveCopilotAuth for copilot","duration":0.05233299999997598,"failureMessages":[],"meta":{},"tags":[]},{"ancestorTitles":["resolveAuthForProvider"],"fullName":"resolveAuthForProvider dispatches to resolveOpencodeAuth for opencode","status":"passed","title":"dispatches to resolveOpencodeAuth for opencode","duration":2.0529169999999795,"failureMessages":[],"meta":{},"tags":[]},{"ancestorTitles":["resolveAuthForProvider"],"fullName":"resolveAuthForProvider returns opencode_managed when no keys for opencode","status":"passed","title":"returns opencode_managed when no keys for opencode","duration":0.14991699999995944,"failureMessages":[],"meta":{},"tags":[]},{"ancestorTitles":["getAgentEnv"],"fullName":"getAgentEnv returns ANTHROPIC_API_KEY for anthropic with apiKey","status":"passed","title":"returns ANTHROPIC_API_KEY for anthropic with apiKey","duration":0.12729099999990012,"failureMessages":[],"meta":{},"tags":[]},{"ancestorTitles":["getAgentEnv"],"fullName":"getAgentEnv returns COPILOT_GITHUB_TOKEN for copilot with githubToken","status":"passed","title":"returns COPILOT_GITHUB_TOKEN for copilot with githubToken","duration":0.05762500000003001,"failureMessages":[],"meta":{},"tags":[]},{"ancestorTitles":["getAgentEnv"],"fullName":"getAgentEnv returns empty object for claude_code auth","status":"passed","title":"returns empty object for claude_code auth","duration":0.046625000000062755,"failureMessages":[],"meta":{},"tags":[]},{"ancestorTitles":["getAgentEnv"],"fullName":"getAgentEnv returns empty object for github_cli auth","status":"passed","title":"returns empty object for github_cli auth","duration":0.03841699999998127,"failureMessages":[],"meta":{},"tags":[]},{"ancestorTitles":["getAgentEnv"],"fullName":"getAgentEnv returns empty object for opencode_managed auth","status":"passed","title":"returns empty object for opencode_managed auth","duration":0.11979100000007747,"failureMessages":[],"meta":{},"tags":[]},{"ancestorTitles":["getAgentEnv"],"fullName":"getAgentEnv returns empty object for opencode_api_key auth","status":"passed","title":"returns empty object for opencode_api_key auth","duration":0.04120899999998073,"failureMessages":[],"meta":{},"tags":[]}],"startTime":1774908648794,"endTime":1774908648801.1199,"status":"passed","message":"","name":"/Users/carlrobinson/Desktop/closed_source/onpush-cli/src/core/__tests__/auth.test.ts"},{"assertionResults":[{"ancestorTitles":["resolveConfigPath"],"fullName":"resolveConfigPath returns absolute path of flagPath when provided","status":"passed","title":"returns absolute path of flagPath when provided","duration":1.2335000000000491,"failureMessages":[],"meta":{},"tags":[]},{"ancestorTitles":["resolveConfigPath"],"fullName":"resolveConfigPath returns .onpush/config.yml relative to cwd when no flag","status":"passed","title":"returns .onpush/config.yml relative to cwd when no flag","duration":1.6244159999999965,"failureMessages":[],"meta":{},"tags":[]},{"ancestorTitles":["resolveConfigPath"],"fullName":"resolveConfigPath resolves relative flagPath against cwd","status":"passed","title":"resolves relative flagPath against cwd","duration":1.114500000000021,"failureMessages":[],"meta":{},"tags":[]},{"ancestorTitles":["getConfigDir"],"fullName":"getConfigDir returns parent directory of config path","status":"passed","title":"returns parent directory of config path","duration":0.1413750000000391,"failureMessages":[],"meta":{},"tags":[]},{"ancestorTitles":["loadConfig"],"fullName":"loadConfig throws ConfigError with 'not found' when file doesn't exist","status":"passed","title":"throws ConfigError with 'not found' when file doesn't exist","duration":1.7320830000001024,"failureMessages":[],"meta":{},"tags":[]},{"ancestorTitles":["loadConfig"],"fullName":"loadConfig throws ConfigError for other read errors","status":"passed","title":"throws ConfigError for other read errors","duration":0.3015420000000404,"failureMessages":[],"meta":{},"tags":[]},{"ancestorTitles":["loadConfig"],"fullName":"loadConfig throws ConfigError for invalid YAML","status":"passed","title":"throws ConfigError for invalid YAML","duration":5.343124999999986,"failureMessages":[],"meta":{},"tags":[]},{"ancestorTitles":["loadConfig"],"fullName":"loadConfig successfully loads valid current-mode config","status":"passed","title":"successfully loads valid current-mode config","duration":5.895416999999952,"failureMessages":[],"meta":{},"tags":[]},{"ancestorTitles":["loadConfig"],"fullName":"loadConfig successfully loads valid remote-mode config","status":"passed","title":"successfully loads valid remote-mode config","duration":4.660249999999905,"failureMessages":[],"meta":{},"tags":[]},{"ancestorTitles":["loadConfig"],"fullName":"loadConfig applies Zod defaults","status":"passed","title":"applies Zod defaults","duration":1.5127499999999827,"failureMessages":[],"meta":{},"tags":[]},{"ancestorTitles":["loadConfig"],"fullName":"loadConfig rejects config missing required project.name","status":"passed","title":"rejects config missing required project.name","duration":1.3372090000000298,"failureMessages":[],"meta":{},"tags":[]},{"ancestorTitles":["loadConfig"],"fullName":"loadConfig rejects config with invalid mode","status":"passed","title":"rejects config with invalid mode","duration":0.4337919999999258,"failureMessages":[],"meta":{},"tags":[]},{"ancestorTitles":["loadConfig"],"fullName":"loadConfig rejects remote mode with empty repositories","status":"passed","title":"rejects remote mode with empty repositories","duration":0.6097919999999704,"failureMessages":[],"meta":{},"tags":[]},{"ancestorTitles":["loadConfig"],"fullName":"loadConfig rejects repository with multiple source fields","status":"passed","title":"rejects repository with multiple source fields","duration":0.8223330000000715,"failureMessages":[],"meta":{},"tags":[]},{"ancestorTitles":["loadConfig"],"fullName":"loadConfig rejects filename_template containing ..","status":"passed","title":"rejects filename_template containing ..","duration":0.9499580000000378,"failureMessages":[],"meta":{},"tags":[]},{"ancestorTitles":["loadConfig"],"fullName":"loadConfig rejects filename_template starting with /","status":"passed","title":"rejects filename_template starting with /","duration":1.2083749999999327,"failureMessages":[],"meta":{},"tags":[]},{"ancestorTitles":["loadConfig"],"fullName":"loadConfig rejects custom_type slug with uppercase","status":"passed","title":"rejects custom_type slug with uppercase","duration":1.2549999999999955,"failureMessages":[],"meta":{},"tags":[]},{"ancestorTitles":["loadConfig"],"fullName":"loadConfig accepts valid custom_type slug","status":"passed","title":"accepts valid custom_type slug","duration":0.9473749999999654,"failureMessages":[],"meta":{},"tags":[]},{"ancestorTitles":["loadConfig"],"fullName":"loadConfig validates generation.provider enum","status":"passed","title":"validates generation.provider enum","duration":1.4188330000000633,"failureMessages":[],"meta":{},"tags":[]},{"ancestorTitles":["loadConfig"],"fullName":"loadConfig includes formatted Zod issues in error message","status":"passed","title":"includes formatted Zod issues in error message","duration":0.6101670000000468,"failureMessages":[],"meta":{},"tags":[]},{"ancestorTitles":["saveConfig"],"fullName":"saveConfig calls writeFile with YAML content","status":"passed","title":"calls writeFile with YAML content","duration":2.566832999999974,"failureMessages":[],"meta":{},"tags":[]}],"startTime":1774908648928,"endTime":1774908648964.567,"status":"passed","message":"","name":"/Users/carlrobinson/Desktop/closed_source/onpush-cli/src/core/__tests__/config.test.ts"},{"assertionResults":[{"ancestorTitles":["DEFAULT_DOCUMENT_TYPES"],"fullName":"DEFAULT_DOCUMENT_TYPES contains exactly 9 entries","status":"passed","title":"contains exactly 9 entries","duration":3.948709000000008,"failureMessages":[],"meta":{},"tags":[]},{"ancestorTitles":["DEFAULT_DOCUMENT_TYPES"],"fullName":"DEFAULT_DOCUMENT_TYPES has first 6 types enabled by default","status":"passed","title":"has first 6 types enabled by default","duration":0.33199999999999363,"failureMessages":[],"meta":{},"tags":[]},{"ancestorTitles":["DEFAULT_DOCUMENT_TYPES"],"fullName":"DEFAULT_DOCUMENT_TYPES has last 3 types disabled by default","status":"passed","title":"has last 3 types disabled by default","duration":0.09537499999999,"failureMessages":[],"meta":{},"tags":[]},{"ancestorTitles":["DEFAULT_DOCUMENT_TYPES"],"fullName":"DEFAULT_DOCUMENT_TYPES has unique slugs","status":"passed","title":"has unique slugs","duration":0.07900000000006457,"failureMessages":[],"meta":{},"tags":[]},{"ancestorTitles":["DOCUMENT_TYPE_ORDER"],"fullName":"DOCUMENT_TYPE_ORDER has same length as DEFAULT_DOCUMENT_TYPES","status":"passed","title":"has same length as DEFAULT_DOCUMENT_TYPES","duration":0.13012499999990723,"failureMessages":[],"meta":{},"tags":[]},{"ancestorTitles":["DOCUMENT_TYPE_ORDER"],"fullName":"DOCUMENT_TYPE_ORDER matches slug order of DEFAULT_DOCUMENT_TYPES","status":"passed","title":"matches slug order of DEFAULT_DOCUMENT_TYPES","duration":0.35125000000005,"failureMessages":[],"meta":{},"tags":[]},{"ancestorTitles":["resolveEnabledTypes"],"fullName":"resolveEnabledTypes returns 6 default-enabled types when no overrides","status":"passed","title":"returns 6 default-enabled types when no overrides","duration":0.7334159999999201,"failureMessages":[],"meta":{},"tags":[]},{"ancestorTitles":["resolveEnabledTypes"],"fullName":"resolveEnabledTypes enables a default-disabled type via override","status":"passed","title":"enables a default-disabled type via override","duration":0.20295899999996436,"failureMessages":[],"meta":{},"tags":[]},{"ancestorTitles":["resolveEnabledTypes"],"fullName":"resolveEnabledTypes disables a default-enabled type via override","status":"passed","title":"disables a default-enabled type via override","duration":0.4331250000000182,"failureMessages":[],"meta":{},"tags":[]},{"ancestorTitles":["resolveEnabledTypes"],"fullName":"resolveEnabledTypes uses custom name from override","status":"passed","title":"uses custom name from override","duration":0.1249159999999847,"failureMessages":[],"meta":{},"tags":[]},{"ancestorTitles":["resolveEnabledTypes"],"fullName":"resolveEnabledTypes passes through custom prompt from override","status":"passed","title":"passes through custom prompt from override","duration":0.12874999999996817,"failureMessages":[],"meta":{},"tags":[]},{"ancestorTitles":["resolveEnabledTypes"],"fullName":"resolveEnabledTypes passes through custom model from override","status":"passed","title":"passes through custom model from override","duration":0.059499999999957254,"failureMessages":[],"meta":{},"tags":[]},{"ancestorTitles":["resolveEnabledTypes"],"fullName":"resolveEnabledTypes appends custom types after default types","status":"passed","title":"appends custom types after default types","duration":0.07299999999997908,"failureMessages":[],"meta":{},"tags":[]},{"ancestorTitles":["resolveEnabledTypes"],"fullName":"resolveEnabledTypes includes custom type description and prompt","status":"passed","title":"includes custom type description and prompt","duration":0.10208299999999326,"failureMessages":[],"meta":{},"tags":[]},{"ancestorTitles":["resolveEnabledTypes"],"fullName":"resolveEnabledTypes enables all 9 types when all overridden to enabled","status":"passed","title":"enables all 9 types when all overridden to enabled","duration":0.11066700000003493,"failureMessages":[],"meta":{},"tags":[]},{"ancestorTitles":["getTypeBySlug"],"fullName":"getTypeBySlug returns matching type when slug exists","status":"passed","title":"returns matching type when slug exists","duration":0.07429200000001401,"failureMessages":[],"meta":{},"tags":[]},{"ancestorTitles":["getTypeBySlug"],"fullName":"getTypeBySlug returns undefined when slug not found","status":"passed","title":"returns undefined when slug not found","duration":0.03579200000001492,"failureMessages":[],"meta":{},"tags":[]}],"startTime":1774908648794,"endTime":1774908648801.1106,"status":"passed","message":"","name":"/Users/carlrobinson/Desktop/closed_source/onpush-cli/src/core/__tests__/document-types.test.ts"},{"assertionResults":[{"ancestorTitles":["resolveEnvOverrides"],"fullName":"resolveEnvOverrides returns all undefined (except ci: false) when no env vars set","status":"passed","title":"returns all undefined (except ci: false) when no env vars set","duration":1.493791999999985,"failureMessages":[],"meta":{},"tags":[]},{"ancestorTitles":["resolveEnvOverrides","provider"],"fullName":"resolveEnvOverrides provider returns \"anthropic\" for ONPUSH_PROVIDER=anthropic","status":"passed","title":"returns \"anthropic\" for ONPUSH_PROVIDER=anthropic","duration":0.28400000000004866,"failureMessages":[],"meta":{},"tags":[]},{"ancestorTitles":["resolveEnvOverrides","provider"],"fullName":"resolveEnvOverrides provider returns \"copilot\" for ONPUSH_PROVIDER=copilot","status":"passed","title":"returns \"copilot\" for ONPUSH_PROVIDER=copilot","duration":0.10812500000002956,"failureMessages":[],"meta":{},"tags":[]},{"ancestorTitles":["resolveEnvOverrides","provider"],"fullName":"resolveEnvOverrides provider returns \"opencode\" for ONPUSH_PROVIDER=opencode","status":"passed","title":"returns \"opencode\" for ONPUSH_PROVIDER=opencode","duration":0.20899999999994634,"failureMessages":[],"meta":{},"tags":[]},{"ancestorTitles":["resolveEnvOverrides","provider"],"fullName":"resolveEnvOverrides provider returns undefined for invalid provider","status":"passed","title":"returns undefined for invalid provider","duration":0.17074999999999818,"failureMessages":[],"meta":{},"tags":[]},{"ancestorTitles":["resolveEnvOverrides","model"],"fullName":"resolveEnvOverrides model returns model from ONPUSH_MODEL","status":"passed","title":"returns model from ONPUSH_MODEL","duration":0.08266600000001745,"failureMessages":[],"meta":{},"tags":[]},{"ancestorTitles":["resolveEnvOverrides","model"],"fullName":"resolveEnvOverrides model returns undefined when ONPUSH_MODEL is empty","status":"passed","title":"returns undefined when ONPUSH_MODEL is empty","duration":0.11258399999996982,"failureMessages":[],"meta":{},"tags":[]},{"ancestorTitles":["resolveEnvOverrides","costLimit"],"fullName":"resolveEnvOverrides costLimit parses numeric ONPUSH_COST_LIMIT","status":"passed","title":"parses numeric ONPUSH_COST_LIMIT","duration":0.07141699999999673,"failureMessages":[],"meta":{},"tags":[]},{"ancestorTitles":["resolveEnvOverrides","costLimit"],"fullName":"resolveEnvOverrides costLimit returns undefined for non-numeric value","status":"passed","title":"returns undefined for non-numeric value","duration":0.4479580000000283,"failureMessages":[],"meta":{},"tags":[]},{"ancestorTitles":["resolveEnvOverrides","costLimit"],"fullName":"resolveEnvOverrides costLimit returns undefined when unset","status":"passed","title":"returns undefined when unset","duration":0.11320899999998346,"failureMessages":[],"meta":{},"tags":[]},{"ancestorTitles":["resolveEnvOverrides","outputDir"],"fullName":"resolveEnvOverrides outputDir returns value from ONPUSH_OUTPUT_DIR","status":"passed","title":"returns value from ONPUSH_OUTPUT_DIR","duration":0.14208300000001373,"failureMessages":[],"meta":{},"tags":[]},{"ancestorTitles":["resolveEnvOverrides","outputDir"],"fullName":"resolveEnvOverrides outputDir returns undefined when empty","status":"passed","title":"returns undefined when empty","duration":0.05716699999999264,"failureMessages":[],"meta":{},"tags":[]},{"ancestorTitles":["resolveEnvOverrides","ci"],"fullName":"resolveEnvOverrides ci returns true for CI=true","status":"passed","title":"returns true for CI=true","duration":0.05383399999999483,"failureMessages":[],"meta":{},"tags":[]},{"ancestorTitles":["resolveEnvOverrides","ci"],"fullName":"resolveEnvOverrides ci returns true for CI=1","status":"passed","title":"returns true for CI=1","duration":0.04854199999999764,"failureMessages":[],"meta":{},"tags":[]},{"ancestorTitles":["resolveEnvOverrides","ci"],"fullName":"resolveEnvOverrides ci returns false for CI=false","status":"passed","title":"returns false for CI=false","duration":0.08795900000001211,"failureMessages":[],"meta":{},"tags":[]},{"ancestorTitles":["resolveEnvOverrides","ci"],"fullName":"resolveEnvOverrides ci returns false when CI is unset","status":"passed","title":"returns false when CI is unset","duration":0.04791600000004337,"failureMessages":[],"meta":{},"tags":[]},{"ancestorTitles":["resolveEnvOverrides","byok"],"fullName":"resolveEnvOverrides byok returns byok config for valid type","status":"passed","title":"returns byok config for valid type","duration":0.07529199999999037,"failureMessages":[],"meta":{},"tags":[]},{"ancestorTitles":["resolveEnvOverrides","byok"],"fullName":"resolveEnvOverrides byok includes baseUrl and apiKey when set","status":"passed","title":"includes baseUrl and apiKey when set","duration":0.06658399999997755,"failureMessages":[],"meta":{},"tags":[]},{"ancestorTitles":["resolveEnvOverrides","byok"],"fullName":"resolveEnvOverrides byok accepts anthropic as BYOK type","status":"passed","title":"accepts anthropic as BYOK type","duration":0.048042000000009466,"failureMessages":[],"meta":{},"tags":[]},{"ancestorTitles":["resolveEnvOverrides","byok"],"fullName":"resolveEnvOverrides byok returns undefined byok for invalid type","status":"passed","title":"returns undefined byok for invalid type","duration":1.0415419999999926,"failureMessages":[],"meta":{},"tags":[]}],"startTime":1774908649174,"endTime":1774908649179.0415,"status":"passed","message":"","name":"/Users/carlrobinson/Desktop/closed_source/onpush-cli/src/core/__tests__/env.test.ts"},{"assertionResults":[{"ancestorTitles":["ExitCode"],"fullName":"ExitCode has Success = 0","status":"passed","title":"has Success = 0","duration":1.1318750000000364,"failureMessages":[],"meta":{},"tags":[]},{"ancestorTitles":["ExitCode"],"fullName":"ExitCode has Fatal = 1","status":"passed","title":"has Fatal = 1","duration":0.160583000000031,"failureMessages":[],"meta":{},"tags":[]},{"ancestorTitles":["ExitCode"],"fullName":"ExitCode has PartialFailure = 2","status":"passed","title":"has PartialFailure = 2","duration":0.07958299999995688,"failureMessages":[],"meta":{},"tags":[]},{"ancestorTitles":["ExitCode"],"fullName":"ExitCode has CostLimitExceeded = 3","status":"passed","title":"has CostLimitExceeded = 3","duration":0.10533299999997325,"failureMessages":[],"meta":{},"tags":[]},{"ancestorTitles":["ConfigError"],"fullName":"ConfigError sets name to ConfigError","status":"passed","title":"sets name to ConfigError","duration":0.0997499999999718,"failureMessages":[],"meta":{},"tags":[]},{"ancestorTitles":["ConfigError"],"fullName":"ConfigError preserves message","status":"passed","title":"preserves message","duration":0.10858300000001009,"failureMessages":[],"meta":{},"tags":[]},{"ancestorTitles":["ConfigError"],"fullName":"ConfigError is an instance of Error","status":"passed","title":"is an instance of Error","duration":0.14670799999998962,"failureMessages":[],"meta":{},"tags":[]},{"ancestorTitles":["AuthError"],"fullName":"AuthError sets name to AuthError","status":"passed","title":"sets name to AuthError","duration":0.07737500000001774,"failureMessages":[],"meta":{},"tags":[]},{"ancestorTitles":["AuthError"],"fullName":"AuthError preserves message","status":"passed","title":"preserves message","duration":0.4219999999999686,"failureMessages":[],"meta":{},"tags":[]},{"ancestorTitles":["AuthError"],"fullName":"AuthError is an instance of Error","status":"passed","title":"is an instance of Error","duration":0.10241700000000264,"failureMessages":[],"meta":{},"tags":[]},{"ancestorTitles":["GenerationError"],"fullName":"GenerationError sets name to GenerationError","status":"passed","title":"sets name to GenerationError","duration":0.12641700000000355,"failureMessages":[],"meta":{},"tags":[]},{"ancestorTitles":["GenerationError"],"fullName":"GenerationError preserves message","status":"passed","title":"preserves message","duration":0.05216599999999971,"failureMessages":[],"meta":{},"tags":[]},{"ancestorTitles":["GenerationError"],"fullName":"GenerationError stores slug when provided","status":"passed","title":"stores slug when provided","duration":0.04250000000001819,"failureMessages":[],"meta":{},"tags":[]},{"ancestorTitles":["GenerationError"],"fullName":"GenerationError slug is undefined when not provided","status":"passed","title":"slug is undefined when not provided","duration":0.05112500000001319,"failureMessages":[],"meta":{},"tags":[]},{"ancestorTitles":["GenerationError"],"fullName":"GenerationError is an instance of Error","status":"passed","title":"is an instance of Error","duration":0.04025000000001455,"failureMessages":[],"meta":{},"tags":[]},{"ancestorTitles":["CostLimitError"],"fullName":"CostLimitError sets name to CostLimitError","status":"passed","title":"sets name to CostLimitError","duration":0.06245900000004667,"failureMessages":[],"meta":{},"tags":[]},{"ancestorTitles":["CostLimitError"],"fullName":"CostLimitError stores currentCost and limit","status":"passed","title":"stores currentCost and limit","duration":0.05037499999997408,"failureMessages":[],"meta":{},"tags":[]},{"ancestorTitles":["CostLimitError"],"fullName":"CostLimitError formats message with 4 decimal places","status":"passed","title":"formats message with 4 decimal places","duration":0.038374999999973625,"failureMessages":[],"meta":{},"tags":[]},{"ancestorTitles":["CostLimitError"],"fullName":"CostLimitError formats small amounts correctly","status":"passed","title":"formats small amounts correctly","duration":0.0827080000000251,"failureMessages":[],"meta":{},"tags":[]},{"ancestorTitles":["CostLimitError"],"fullName":"CostLimitError is an instance of Error","status":"passed","title":"is an instance of Error","duration":0.04066699999998491,"failureMessages":[],"meta":{},"tags":[]}],"startTime":1774908649189,"endTime":1774908649192.0828,"status":"passed","message":"","name":"/Users/carlrobinson/Desktop/closed_source/onpush-cli/src/core/__tests__/errors.test.ts"},{"assertionResults":[{"ancestorTitles":["loadState"],"fullName":"loadState returns null when file doesn't exist","status":"passed","title":"returns null when file doesn't exist","duration":1.3070830000000342,"failureMessages":[],"meta":{},"tags":[]},{"ancestorTitles":["loadState"],"fullName":"loadState re-throws other read errors","status":"passed","title":"re-throws other read errors","duration":0.8099169999999276,"failureMessages":[],"meta":{},"tags":[]},{"ancestorTitles":["loadState"],"fullName":"loadState throws for invalid JSON","status":"passed","title":"throws for invalid JSON","duration":0.1805420000000595,"failureMessages":[],"meta":{},"tags":[]},{"ancestorTitles":["loadState"],"fullName":"loadState throws for invalid state structure","status":"passed","title":"throws for invalid state structure","duration":0.9252910000000156,"failureMessages":[],"meta":{},"tags":[]},{"ancestorTitles":["loadState"],"fullName":"loadState parses valid state JSON","status":"passed","title":"parses valid state JSON","duration":0.4280420000000049,"failureMessages":[],"meta":{},"tags":[]},{"ancestorTitles":["loadState"],"fullName":"loadState applies Zod defaults for missing optional fields","status":"passed","title":"applies Zod defaults for missing optional fields","duration":0.45637499999998,"failureMessages":[],"meta":{},"tags":[]},{"ancestorTitles":["saveState"],"fullName":"saveState creates directory with recursive: true","status":"passed","title":"creates directory with recursive: true","duration":0.8503749999999854,"failureMessages":[],"meta":{},"tags":[]},{"ancestorTitles":["saveState"],"fullName":"saveState writes to temp file","status":"passed","title":"writes to temp file","duration":0.1409999999999627,"failureMessages":[],"meta":{},"tags":[]},{"ancestorTitles":["saveState"],"fullName":"saveState renames temp to final","status":"passed","title":"renames temp to final","duration":0.43650000000002365,"failureMessages":[],"meta":{},"tags":[]},{"ancestorTitles":["saveState"],"fullName":"saveState writes pretty-printed JSON with trailing newline","status":"passed","title":"writes pretty-printed JSON with trailing newline","duration":0.16862500000002,"failureMessages":[],"meta":{},"tags":[]},{"ancestorTitles":["createInitialState"],"fullName":"createInitialState returns correct structure for current mode","status":"passed","title":"returns correct structure for current mode","duration":0.1827090000000453,"failureMessages":[],"meta":{},"tags":[]},{"ancestorTitles":["createInitialState"],"fullName":"createInitialState returns correct structure for remote mode","status":"passed","title":"returns correct structure for remote mode","duration":0.04729099999997288,"failureMessages":[],"meta":{},"tags":[]},{"ancestorTitles":["updateDocumentState"],"fullName":"updateDocumentState creates new document state with version 1 for new slug","status":"passed","title":"creates new document state with version 1 for new slug","duration":4.660750000000007,"failureMessages":[],"meta":{},"tags":[]},{"ancestorTitles":["updateDocumentState"],"fullName":"updateDocumentState increments version for existing slug","status":"passed","title":"increments version for existing slug","duration":0.9273749999999836,"failureMessages":[],"meta":{},"tags":[]},{"ancestorTitles":["updateDocumentState"],"fullName":"updateDocumentState sets lastGeneratedAt to current ISO string","status":"passed","title":"sets lastGeneratedAt to current ISO string","duration":0.2664999999999509,"failureMessages":[],"meta":{},"tags":[]},{"ancestorTitles":["updateDocumentState"],"fullName":"updateDocumentState stores cost and token data","status":"passed","title":"stores cost and token data","duration":0.19116699999995035,"failureMessages":[],"meta":{},"tags":[]},{"ancestorTitles":["appendHistory"],"fullName":"appendHistory prepends entry to history array","status":"passed","title":"prepends entry to history array","duration":0.3025000000000091,"failureMessages":[],"meta":{},"tags":[]},{"ancestorTitles":["appendHistory"],"fullName":"appendHistory maintains reverse chronological order","status":"passed","title":"maintains reverse chronological order","duration":0.06550000000004275,"failureMessages":[],"meta":{},"tags":[]}],"startTime":1774908648911,"endTime":1774908648924.0654,"status":"passed","message":"","name":"/Users/carlrobinson/Desktop/closed_source/onpush-cli/src/core/__tests__/state.test.ts"},{"assertionResults":[{"ancestorTitles":["formatJsonOutput"],"fullName":"formatJsonOutput sets success: true when no documents failed","status":"passed","title":"sets success: true when no documents failed","duration":1.5164159999999924,"failureMessages":[],"meta":{},"tags":[]},{"ancestorTitles":["formatJsonOutput"],"fullName":"formatJsonOutput sets success: false when any document failed","status":"passed","title":"sets success: false when any document failed","duration":0.2601659999999697,"failureMessages":[],"meta":{},"tags":[]},{"ancestorTitles":["formatJsonOutput"],"fullName":"formatJsonOutput categorizes generated/updated docs into documentsUpdated","status":"passed","title":"categorizes generated/updated docs into documentsUpdated","duration":0.3887919999999667,"failureMessages":[],"meta":{},"tags":[]},{"ancestorTitles":["formatJsonOutput"],"fullName":"formatJsonOutput categorizes skipped docs into documentsSkipped","status":"passed","title":"categorizes skipped docs into documentsSkipped","duration":0.16387500000001864,"failureMessages":[],"meta":{},"tags":[]},{"ancestorTitles":["formatJsonOutput"],"fullName":"formatJsonOutput collects errors from failed documents","status":"passed","title":"collects errors from failed documents","duration":0.19983400000000984,"failureMessages":[],"meta":{},"tags":[]},{"ancestorTitles":["formatJsonOutput"],"fullName":"formatJsonOutput slugifies repo names as keys","status":"passed","title":"slugifies repo names as keys","duration":0.10683299999999463,"failureMessages":[],"meta":{},"tags":[]},{"ancestorTitles":["formatJsonOutput"],"fullName":"formatJsonOutput includes fromSha, toSha, changed for each repo","status":"passed","title":"includes fromSha, toSha, changed for each repo","duration":0.205791999999974,"failureMessages":[],"meta":{},"tags":[]},{"ancestorTitles":["formatJsonOutput"],"fullName":"formatJsonOutput includes outputPath from outputPaths map","status":"passed","title":"includes outputPath from outputPaths map","duration":0.09237500000000409,"failureMessages":[],"meta":{},"tags":[]},{"ancestorTitles":["formatJsonOutput"],"fullName":"formatJsonOutput passes through cost/token/duration from result","status":"passed","title":"passes through cost/token/duration from result","duration":0.4712499999999977,"failureMessages":[],"meta":{},"tags":[]},{"ancestorTitles":["formatJsonOutput"],"fullName":"formatJsonOutput handles empty documents array","status":"passed","title":"handles empty documents array","duration":0.14533299999999372,"failureMessages":[],"meta":{},"tags":[]},{"ancestorTitles":["formatJsonOutput"],"fullName":"formatJsonOutput handles mixed statuses","status":"passed","title":"handles mixed statuses","duration":0.3002499999999486,"failureMessages":[],"meta":{},"tags":[]}],"startTime":1774908649273,"endTime":1774908649277.3003,"status":"passed","message":"","name":"/Users/carlrobinson/Desktop/closed_source/onpush-cli/src/cli/commands/__tests__/json-output.test.ts"},{"assertionResults":[{"ancestorTitles":["resolveLocalRepo"],"fullName":"resolveLocalRepo resolves relative path against basePath","status":"passed","title":"resolves relative path against basePath","duration":1.3264999999999816,"failureMessages":[],"meta":{},"tags":[]},{"ancestorTitles":["resolveLocalRepo"],"fullName":"resolveLocalRepo returns correct ResolvedRepo structure","status":"passed","title":"returns correct ResolvedRepo structure","duration":0.32595900000001166,"failureMessages":[],"meta":{},"tags":[]},{"ancestorTitles":["resolveLocalRepo"],"fullName":"resolveLocalRepo throws when not a git repository","status":"passed","title":"throws when not a git repository","duration":0.9865000000000066,"failureMessages":[],"meta":{},"tags":[]}],"startTime":1774908649288,"endTime":1774908649290.9866,"status":"passed","message":"","name":"/Users/carlrobinson/Desktop/closed_source/onpush-cli/src/repos/__tests__/local.test.ts"},{"assertionResults":[{"ancestorTitles":["slugify"],"fullName":"slugify lowercases name","status":"passed","title":"lowercases name","duration":1.2120409999999993,"failureMessages":[],"meta":{},"tags":[]},{"ancestorTitles":["slugify"],"fullName":"slugify replaces non-alphanumeric chars with hyphens","status":"passed","title":"replaces non-alphanumeric chars with hyphens","duration":0.18395799999996143,"failureMessages":[],"meta":{},"tags":[]},{"ancestorTitles":["slugify"],"fullName":"slugify strips leading and trailing hyphens","status":"passed","title":"strips leading and trailing hyphens","duration":0.0810830000000351,"failureMessages":[],"meta":{},"tags":[]},{"ancestorTitles":["slugify"],"fullName":"slugify collapses consecutive non-alphanumeric chars","status":"passed","title":"collapses consecutive non-alphanumeric chars","duration":0.11270799999999781,"failureMessages":[],"meta":{},"tags":[]},{"ancestorTitles":["slugify"],"fullName":"slugify handles already-clean slugs","status":"passed","title":"handles already-clean slugs","duration":0.07408400000008442,"failureMessages":[],"meta":{},"tags":[]},{"ancestorTitles":["getRepoChanges"],"fullName":"getRepoChanges returns hasChanges: true for new repo not in state","status":"passed","title":"returns hasChanges: true for new repo not in state","duration":0.18416600000000471,"failureMessages":[],"meta":{},"tags":[]},{"ancestorTitles":["getRepoChanges"],"fullName":"getRepoChanges returns hasChanges: true when SHA differs","status":"passed","title":"returns hasChanges: true when SHA differs","duration":0.18691599999999653,"failureMessages":[],"meta":{},"tags":[]},{"ancestorTitles":["getRepoChanges"],"fullName":"getRepoChanges returns hasChanges: false when SHA matches","status":"passed","title":"returns hasChanges: false when SHA matches","duration":0.07241700000008677,"failureMessages":[],"meta":{},"tags":[]},{"ancestorTitles":["getRepoChanges"],"fullName":"getRepoChanges returns all repos with changes when state is null","status":"passed","title":"returns all repos with changes when state is null","duration":0.40095799999994597,"failureMessages":[],"meta":{},"tags":[]},{"ancestorTitles":["getRepoChanges"],"fullName":"getRepoChanges sets fromSha from state when available","status":"passed","title":"sets fromSha from state when available","duration":0.09704199999998764,"failureMessages":[],"meta":{},"tags":[]},{"ancestorTitles":["getRepoChanges"],"fullName":"getRepoChanges sets fromSha to undefined for new repos","status":"passed","title":"sets fromSha to undefined for new repos","duration":0.13149999999995998,"failureMessages":[],"meta":{},"tags":[]},{"ancestorTitles":["resolveRepos"],"fullName":"resolveRepos current mode uses parent of config dir as repo path","status":"passed","title":"current mode uses parent of config dir as repo path","duration":0.6382080000000769,"failureMessages":[],"meta":{},"tags":[]},{"ancestorTitles":["resolveRepos"],"fullName":"resolveRepos throws when current directory is not a git repo","status":"passed","title":"throws when current directory is not a git repo","duration":0.6104589999999916,"failureMessages":[],"meta":{},"tags":[]},{"ancestorTitles":["resolveRepos"],"fullName":"resolveRepos current mode with explicit repository path uses resolveLocalRepo","status":"passed","title":"current mode with explicit repository path uses resolveLocalRepo","duration":0.1504579999999578,"failureMessages":[],"meta":{},"tags":[]},{"ancestorTitles":["resolveRepos"],"fullName":"resolveRepos remote mode creates entries for all repositories","status":"passed","title":"remote mode creates entries for all repositories","duration":0.09729199999992488,"failureMessages":[],"meta":{},"tags":[]},{"ancestorTitles":["resolveRepos"],"fullName":"resolveRepos remote mode creates cloned placeholder for remote repos","status":"passed","title":"remote mode creates cloned placeholder for remote repos","duration":0.05833299999994779,"failureMessages":[],"meta":{},"tags":[]},{"ancestorTitles":["resolveRepos"],"fullName":"resolveRepos throws for remote mode with no repositories","status":"passed","title":"throws for remote mode with no repositories","duration":0.15570800000000418,"failureMessages":[],"meta":{},"tags":[]}],"startTime":1774908648711,"endTime":1774908648716.1558,"status":"passed","message":"","name":"/Users/carlrobinson/Desktop/closed_source/onpush-cli/src/repos/__tests__/manager.test.ts"},{"assertionResults":[{"ancestorTitles":["resolveGitUrl"],"fullName":"resolveGitUrl converts github shorthand to full URL","status":"passed","title":"converts github shorthand to full URL","duration":1.1627090000000067,"failureMessages":[],"meta":{},"tags":[]},{"ancestorTitles":["resolveGitUrl"],"fullName":"resolveGitUrl passes through https URL directly","status":"passed","title":"passes through https URL directly","duration":0.27016600000001745,"failureMessages":[],"meta":{},"tags":[]},{"ancestorTitles":["resolveGitUrl"],"fullName":"resolveGitUrl passes through git@ URL directly","status":"passed","title":"passes through git@ URL directly","duration":0.11795799999998735,"failureMessages":[],"meta":{},"tags":[]},{"ancestorTitles":["resolveGitUrl"],"fullName":"resolveGitUrl passes through ssh:// URL","status":"passed","title":"passes through ssh:// URL","duration":0.15070800000000872,"failureMessages":[],"meta":{},"tags":[]},{"ancestorTitles":["resolveGitUrl"],"fullName":"resolveGitUrl passes through http:// URL","status":"passed","title":"passes through http:// URL","duration":0.07920899999999165,"failureMessages":[],"meta":{},"tags":[]},{"ancestorTitles":["resolveGitUrl"],"fullName":"resolveGitUrl rejects ext:: protocol URL","status":"passed","title":"rejects ext:: protocol URL","duration":0.4200410000000261,"failureMessages":[],"meta":{},"tags":[]},{"ancestorTitles":["resolveGitUrl"],"fullName":"resolveGitUrl rejects file:// protocol URL","status":"passed","title":"rejects file:// protocol URL","duration":0.18462499999998272,"failureMessages":[],"meta":{},"tags":[]},{"ancestorTitles":["resolveGitUrl"],"fullName":"resolveGitUrl rejects ftp:// protocol URL","status":"passed","title":"rejects ftp:// protocol URL","duration":0.09666700000002493,"failureMessages":[],"meta":{},"tags":[]},{"ancestorTitles":["resolveGitUrl"],"fullName":"resolveGitUrl throws when neither url nor github provided","status":"passed","title":"throws when neither url nor github provided","duration":0.4353330000000142,"failureMessages":[],"meta":{},"tags":[]},{"ancestorTitles":["sanitizeDirName"],"fullName":"sanitizeDirName strips https:// protocol","status":"passed","title":"strips https:// protocol","duration":0.2280420000000163,"failureMessages":[],"meta":{},"tags":[]},{"ancestorTitles":["sanitizeDirName"],"fullName":"sanitizeDirName strips .git suffix","status":"passed","title":"strips .git suffix","duration":0.20408300000002555,"failureMessages":[],"meta":{},"tags":[]},{"ancestorTitles":["sanitizeDirName"],"fullName":"sanitizeDirName replaces / : @ with hyphens","status":"passed","title":"replaces / : @ with hyphens","duration":0.052082999999981894,"failureMessages":[],"meta":{},"tags":[]},{"ancestorTitles":["sanitizeDirName"],"fullName":"sanitizeDirName collapses consecutive hyphens","status":"passed","title":"collapses consecutive hyphens","duration":0.04395799999997507,"failureMessages":[],"meta":{},"tags":[]},{"ancestorTitles":["sanitizeDirName"],"fullName":"sanitizeDirName lowercases result","status":"passed","title":"lowercases result","duration":0.03995800000001282,"failureMessages":[],"meta":{},"tags":[]},{"ancestorTitles":["cloneOrUpdate"],"fullName":"cloneOrUpdate clones when directory doesn't exist","status":"passed","title":"clones when directory doesn't exist","duration":0.621167000000014,"failureMessages":[],"meta":{},"tags":[]},{"ancestorTitles":["cloneOrUpdate"],"fullName":"cloneOrUpdate does not use --depth 1 (full clone for incremental support)","status":"passed","title":"does not use --depth 1 (full clone for incremental support)","duration":0.34116699999998445,"failureMessages":[],"meta":{},"tags":[]},{"ancestorTitles":["cloneOrUpdate"],"fullName":"cloneOrUpdate adds --branch for specified ref","status":"passed","title":"adds --branch for specified ref","duration":0.321124999999995,"failureMessages":[],"meta":{},"tags":[]},{"ancestorTitles":["cloneOrUpdate"],"fullName":"cloneOrUpdate fetches and pulls when directory exists and no ref specified","status":"passed","title":"fetches and pulls when directory exists and no ref specified","duration":0.14050000000003138,"failureMessages":[],"meta":{},"tags":[]},{"ancestorTitles":["cloneOrUpdate"],"fullName":"cloneOrUpdate returns localPath and headSha","status":"passed","title":"returns localPath and headSha","duration":0.1703340000000253,"failureMessages":[],"meta":{},"tags":[]},{"ancestorTitles":["cloneOrUpdate"],"fullName":"cloneOrUpdate rejects unsafe ref with special characters","status":"passed","title":"rejects unsafe ref with special characters","duration":0.43775000000005093,"failureMessages":[],"meta":{},"tags":[]}],"startTime":1774908649090,"endTime":1774908649095.4377,"status":"passed","message":"","name":"/Users/carlrobinson/Desktop/closed_source/onpush-cli/src/repos/__tests__/remote.test.ts"},{"assertionResults":[{"ancestorTitles":["createProvider"],"fullName":"createProvider returns provider for \"anthropic\"","status":"passed","title":"returns provider for \"anthropic\"","duration":1.8346669999999676,"failureMessages":[],"meta":{},"tags":[]},{"ancestorTitles":["createProvider"],"fullName":"createProvider returns provider for \"copilot\"","status":"passed","title":"returns provider for \"copilot\"","duration":0.28991700000000264,"failureMessages":[],"meta":{},"tags":[]},{"ancestorTitles":["createProvider"],"fullName":"createProvider returns provider for \"opencode\"","status":"passed","title":"returns provider for \"opencode\"","duration":0.16270800000000918,"failureMessages":[],"meta":{},"tags":[]},{"ancestorTitles":["createProvider"],"fullName":"createProvider throws for unknown provider name","status":"passed","title":"throws for unknown provider name","duration":0.832917000000009,"failureMessages":[],"meta":{},"tags":[]}],"startTime":1774908649267,"endTime":1774908649269.833,"status":"passed","message":"","name":"/Users/carlrobinson/Desktop/closed_source/onpush-cli/src/generation/providers/__tests__/index.test.ts"},{"assertionResults":[{"ancestorTitles":["parseModelString"],"fullName":"parseModelString parses providerID/modelID format","status":"passed","title":"parses providerID/modelID format","duration":1.246042000000017,"failureMessages":[],"meta":{},"tags":[]},{"ancestorTitles":["parseModelString"],"fullName":"parseModelString parses openai/gpt-5.3-codex format","status":"passed","title":"parses openai/gpt-5.3-codex format","duration":0.18420800000001236,"failureMessages":[],"meta":{},"tags":[]},{"ancestorTitles":["parseModelString"],"fullName":"parseModelString handles model IDs with multiple slashes","status":"passed","title":"handles model IDs with multiple slashes","duration":0.08670899999998483,"failureMessages":[],"meta":{},"tags":[]},{"ancestorTitles":["parseModelString"],"fullName":"parseModelString falls back to anthropic providerID when no slash present","status":"passed","title":"falls back to anthropic providerID when no slash present","duration":0.11629199999998718,"failureMessages":[],"meta":{},"tags":[]},{"ancestorTitles":["parseModelString"],"fullName":"parseModelString handles empty string","status":"passed","title":"handles empty string","duration":0.147625000000005,"failureMessages":[],"meta":{},"tags":[]}],"startTime":1774908649351,"endTime":1774908649353.1843,"status":"passed","message":"","name":"/Users/carlrobinson/Desktop/closed_source/onpush-cli/src/generation/providers/__tests__/opencode.test.ts"},{"assertionResults":[{"ancestorTitles":["DEFAULT_MODELS"],"fullName":"DEFAULT_MODELS has anthropic model set to claude-opus-4-6","status":"passed","title":"has anthropic model set to claude-opus-4-6","duration":1.095624999999984,"failureMessages":[],"meta":{},"tags":[]},{"ancestorTitles":["DEFAULT_MODELS"],"fullName":"DEFAULT_MODELS has copilot model set to claude-opus-4-6","status":"passed","title":"has copilot model set to claude-opus-4-6","duration":0.15791699999999764,"failureMessages":[],"meta":{},"tags":[]},{"ancestorTitles":["DEFAULT_MODELS"],"fullName":"DEFAULT_MODELS has opencode model set to openai/gpt-5.3-codex","status":"passed","title":"has opencode model set to openai/gpt-5.3-codex","duration":0.08141699999998764,"failureMessages":[],"meta":{},"tags":[]},{"ancestorTitles":["DEFAULT_MODELS"],"fullName":"DEFAULT_MODELS has exactly 3 entries","status":"passed","title":"has exactly 3 entries","duration":0.6355829999999969,"failureMessages":[],"meta":{},"tags":[]}],"startTime":1774908649356,"endTime":1774908649357.6355,"status":"passed","message":"","name":"/Users/carlrobinson/Desktop/closed_source/onpush-cli/src/generation/providers/__tests__/types.test.ts"}],"coverageMap":{"/Users/carlrobinson/Desktop/closed_source/onpush-cli/src/repos/manager.ts":{"path":"/Users/carlrobinson/Desktop/closed_source/onpush-cli/src/repos/manager.ts","statementMap":{"0":{"start":{"line":33,"column":19},"end":{"line":33,"column":38}},"1":{"start":{"line":35,"column":2},"end":{"line":58,"column":null}},"2":{"start":{"line":36,"column":4},"end":{"line":39,"column":null}},"3":{"start":{"line":37,"column":6},"end":{"line":39,"column":null}},"4":{"start":{"line":43,"column":21},"end":{"line":43,"column":44}},"5":{"start":{"line":44,"column":19},"end":{"line":44,"column":44}},"6":{"start":{"line":45,"column":4},"end":{"line":48,"column":null}},"7":{"start":{"line":46,"column":6},"end":{"line":48,"column":null}},"8":{"start":{"line":50,"column":20},"end":{"line":50,"column":46}},"9":{"start":{"line":51,"column":4},"end":{"line":58,"column":null}},"10":{"start":{"line":62,"column":2},"end":{"line":63,"column":null}},"11":{"start":{"line":63,"column":4},"end":{"line":63,"column":null}},"12":{"start":{"line":66,"column":32},"end":{"line":66,"column":34}},"13":{"start":{"line":67,"column":2},"end":{"line":79,"column":null}},"14":{"start":{"line":68,"column":4},"end":{"line":79,"column":null}},"15":{"start":{"line":69,"column":6},"end":{"line":71,"column":null}},"16":{"start":{"line":74,"column":6},"end":{"line":79,"column":null}},"17":{"start":{"line":83,"column":2},"end":{"line":83,"column":null}},"18":{"start":{"line":95,"column":2},"end":{"line":95,"column":null}},"19":{"start":{"line":95,"column":33},"end":{"line":95,"column":null}},"20":{"start":{"line":96,"column":2},"end":{"line":96,"column":null}},"21":{"start":{"line":96,"column":28},"end":{"line":96,"column":null}},"22":{"start":{"line":98,"column":19},"end":{"line":98,"column":56}},"23":{"start":{"line":99,"column":2},"end":{"line":99,"column":null}},"24":{"start":{"line":101,"column":18},"end":{"line":101,"column":28}},"25":{"start":{"line":102,"column":2},"end":{"line":106,"column":null}},"26":{"start":{"line":102,"column":15},"end":{"line":102,"column":18}},"27":{"start":{"line":103,"column":21},"end":{"line":103,"column":null}},"28":{"start":{"line":104,"column":4},"end":{"line":106,"column":null}},"29":{"start":{"line":105,"column":21},"end":{"line":105,"column":60}},"30":{"start":{"line":106,"column":6},"end":{"line":106,"column":null}},"31":{"start":{"line":109,"column":2},"end":{"line":109,"column":null}},"32":{"start":{"line":119,"column":2},"end":{"line":132,"column":null}},"33":{"start":{"line":120,"column":22},"end":{"line":120,"column":null}},"34":{"start":{"line":121,"column":4},"end":{"line":122,"column":null}},"35":{"start":{"line":122,"column":6},"end":{"line":122,"column":null}},"36":{"start":{"line":125,"column":23},"end":{"line":125,"column":null}},"37":{"start":{"line":126,"column":4},"end":{"line":131,"column":null}},"38":{"start":{"line":139,"column":2},"end":{"line":142,"column":null}}},"fnMap":{"0":{"name":"resolveRepos","decl":{"start":{"line":29,"column":22},"end":{"line":29,"column":null}},"loc":{"start":{"line":32,"column":27},"end":{"line":83,"column":null}}},"1":{"name":"syncRepos","decl":{"start":{"line":90,"column":22},"end":{"line":90,"column":null}},"loc":{"start":{"line":94,"column":27},"end":{"line":109,"column":null}}},"2":{"name":"getRepoChanges","decl":{"start":{"line":115,"column":16},"end":{"line":115,"column":null}},"loc":{"start":{"line":118,"column":19},"end":{"line":132,"column":null}}},"3":{"name":"(anonymous_3)","decl":{"start":{"line":119,"column":15},"end":{"line":119,"column":20}},"loc":{"start":{"line":119,"column":29},"end":{"line":132,"column":null}}},"4":{"name":"slugify","decl":{"start":{"line":138,"column":16},"end":{"line":138,"column":24}},"loc":{"start":{"line":138,"column":46},"end":{"line":142,"column":null}}}},"branchMap":{"0":{"loc":{"start":{"line":35,"column":2},"end":{"line":58,"column":null}},"type":"if","locations":[{"start":{"line":35,"column":2},"end":{"line":58,"column":null}},{"start":{},"end":{}}]},"1":{"loc":{"start":{"line":36,"column":4},"end":{"line":39,"column":null}},"type":"if","locations":[{"start":{"line":36,"column":4},"end":{"line":39,"column":null}},{"start":{},"end":{}}]},"2":{"loc":{"start":{"line":45,"column":4},"end":{"line":48,"column":null}},"type":"if","locations":[{"start":{"line":45,"column":4},"end":{"line":48,"column":null}},{"start":{},"end":{}}]},"3":{"loc":{"start":{"line":62,"column":2},"end":{"line":63,"column":null}},"type":"if","locations":[{"start":{"line":62,"column":2},"end":{"line":63,"column":null}},{"start":{},"end":{}}]},"4":{"loc":{"start":{"line":62,"column":6},"end":{"line":62,"column":64}},"type":"binary-expr","locations":[{"start":{"line":62,"column":6},"end":{"line":62,"column":30}},{"start":{"line":62,"column":30},"end":{"line":62,"column":64}}]},"5":{"loc":{"start":{"line":68,"column":4},"end":{"line":79,"column":null}},"type":"if","locations":[{"start":{"line":68,"column":4},"end":{"line":79,"column":null}},{"start":{"line":72,"column":11},"end":{"line":79,"column":null}}]},"6":{"loc":{"start":{"line":95,"column":2},"end":{"line":95,"column":null}},"type":"if","locations":[{"start":{"line":95,"column":2},"end":{"line":95,"column":null}},{"start":{},"end":{}}]},"7":{"loc":{"start":{"line":96,"column":2},"end":{"line":96,"column":null}},"type":"if","locations":[{"start":{"line":96,"column":2},"end":{"line":96,"column":null}},{"start":{},"end":{}}]},"8":{"loc":{"start":{"line":104,"column":4},"end":{"line":106,"column":null}},"type":"if","locations":[{"start":{"line":104,"column":4},"end":{"line":106,"column":null}},{"start":{},"end":{}}]},"9":{"loc":{"start":{"line":104,"column":8},"end":{"line":104,"column":41}},"type":"binary-expr","locations":[{"start":{"line":104,"column":8},"end":{"line":104,"column":24}},{"start":{"line":104,"column":24},"end":{"line":104,"column":41}}]},"10":{"loc":{"start":{"line":121,"column":4},"end":{"line":122,"column":null}},"type":"if","locations":[{"start":{"line":121,"column":4},"end":{"line":122,"column":null}},{"start":{},"end":{}}]}},"s":{"0":6,"1":6,"2":3,"3":1,"4":2,"5":2,"6":2,"7":1,"8":1,"9":1,"10":3,"11":1,"12":2,"13":2,"14":3,"15":1,"16":2,"17":2,"18":0,"19":0,"20":0,"21":0,"22":0,"23":0,"24":0,"25":0,"26":0,"27":0,"28":0,"29":0,"30":0,"31":0,"32":6,"33":7,"34":7,"35":4,"36":3,"37":3,"38":18},"f":{"0":6,"1":0,"2":6,"3":7,"4":18},"b":{"0":[3,3],"1":[1,2],"2":[1,1],"3":[1,2],"4":[3,3],"5":[1,2],"6":[0,0],"7":[0,0],"8":[0,0],"9":[0,0],"10":[4,3]}},"/Users/carlrobinson/Desktop/closed_source/onpush-cli/src/core/auth.ts":{"path":"/Users/carlrobinson/Desktop/closed_source/onpush-cli/src/core/auth.ts","statementMap":{"0":{"start":{"line":26,"column":2},"end":{"line":27,"column":null}},"1":{"start":{"line":27,"column":4},"end":{"line":27,"column":null}},"2":{"start":{"line":31,"column":17},"end":{"line":31,"column":null}},"3":{"start":{"line":32,"column":2},"end":{"line":33,"column":null}},"4":{"start":{"line":33,"column":4},"end":{"line":33,"column":null}},"5":{"start":{"line":39,"column":2},"end":{"line":39,"column":null}},"6":{"start":{"line":52,"column":2},"end":{"line":57,"column":null}},"7":{"start":{"line":53,"column":4},"end":{"line":57,"column":null}},"8":{"start":{"line":62,"column":4},"end":{"line":64,"column":null}},"9":{"start":{"line":65,"column":2},"end":{"line":66,"column":null}},"10":{"start":{"line":66,"column":4},"end":{"line":66,"column":null}},"11":{"start":{"line":70,"column":2},"end":{"line":70,"column":null}},"12":{"start":{"line":82,"column":2},"end":{"line":83,"column":null}},"13":{"start":{"line":83,"column":4},"end":{"line":83,"column":null}},"14":{"start":{"line":87,"column":17},"end":{"line":87,"column":null}},"15":{"start":{"line":88,"column":2},"end":{"line":89,"column":null}},"16":{"start":{"line":89,"column":4},"end":{"line":89,"column":null}},"17":{"start":{"line":93,"column":2},"end":{"line":93,"column":null}},"18":{"start":{"line":103,"column":2},"end":{"line":106,"column":null}},"19":{"start":{"line":104,"column":4},"end":{"line":106,"column":null}},"20":{"start":{"line":108,"column":2},"end":{"line":109,"column":null}},"21":{"start":{"line":109,"column":4},"end":{"line":109,"column":null}},"22":{"start":{"line":111,"column":2},"end":{"line":111,"column":null}},"23":{"start":{"line":119,"column":38},"end":{"line":119,"column":40}},"24":{"start":{"line":120,"column":2},"end":{"line":121,"column":null}},"25":{"start":{"line":121,"column":4},"end":{"line":121,"column":null}},"26":{"start":{"line":123,"column":2},"end":{"line":124,"column":null}},"27":{"start":{"line":124,"column":4},"end":{"line":124,"column":null}},"28":{"start":{"line":126,"column":2},"end":{"line":126,"column":null}}},"fnMap":{"0":{"name":"resolveAuth","decl":{"start":{"line":22,"column":16},"end":{"line":22,"column":28}},"loc":{"start":{"line":24,"column":15},"end":{"line":39,"column":null}}},"1":{"name":"resolveCopilotAuth","decl":{"start":{"line":48,"column":16},"end":{"line":48,"column":35}},"loc":{"start":{"line":50,"column":15},"end":{"line":70,"column":null}}},"2":{"name":"resolveOpencodeAuth","decl":{"start":{"line":78,"column":16},"end":{"line":78,"column":36}},"loc":{"start":{"line":80,"column":15},"end":{"line":93,"column":null}}},"3":{"name":"resolveAuthForProvider","decl":{"start":{"line":99,"column":16},"end":{"line":99,"column":null}},"loc":{"start":{"line":102,"column":14},"end":{"line":111,"column":null}}},"4":{"name":"getAgentEnv","decl":{"start":{"line":118,"column":16},"end":{"line":118,"column":28}},"loc":{"start":{"line":118,"column":70},"end":{"line":126,"column":null}}}},"branchMap":{"0":{"loc":{"start":{"line":26,"column":2},"end":{"line":27,"column":null}},"type":"if","locations":[{"start":{"line":26,"column":2},"end":{"line":27,"column":null}},{"start":{},"end":{}}]},"1":{"loc":{"start":{"line":32,"column":2},"end":{"line":33,"column":null}},"type":"if","locations":[{"start":{"line":32,"column":2},"end":{"line":33,"column":null}},{"start":{},"end":{}}]},"2":{"loc":{"start":{"line":52,"column":2},"end":{"line":57,"column":null}},"type":"if","locations":[{"start":{"line":52,"column":2},"end":{"line":57,"column":null}},{"start":{},"end":{}}]},"3":{"loc":{"start":{"line":62,"column":4},"end":{"line":64,"column":null}},"type":"binary-expr","locations":[{"start":{"line":62,"column":4},"end":{"line":62,"column":null}},{"start":{"line":63,"column":4},"end":{"line":63,"column":null}},{"start":{"line":64,"column":4},"end":{"line":64,"column":null}}]},"4":{"loc":{"start":{"line":65,"column":2},"end":{"line":66,"column":null}},"type":"if","locations":[{"start":{"line":65,"column":2},"end":{"line":66,"column":null}},{"start":{},"end":{}}]},"5":{"loc":{"start":{"line":82,"column":2},"end":{"line":83,"column":null}},"type":"if
[...]
{"line":233,"column":null}},"77":{"start":{"line":236,"column":8},"end":{"line":243,"column":null}},"78":{"start":{"line":237,"column":28},"end":{"line":240,"column":21}},"79":{"start":{"line":238,"column":27},"end":{"line":238,"column":55}},"80":{"start":{"line":239,"column":24},"end":{"line":239,"column":32}},"81":{"start":{"line":241,"column":10},"end":{"line":243,"column":null}},"82":{"start":{"line":242,"column":12},"end":{"line":242,"column":null}},"83":{"start":{"line":243,"column":12},"end":{"line":243,"column":null}},"84":{"start":{"line":248,"column":6},"end":{"line":251,"column":null}},"85":{"start":{"line":253,"column":6},"end":{"line":253,"column":null}},"86":{"start":{"line":253,"column":21},"end":{"line":253,"column":null}},"87":{"start":{"line":254,"column":6},"end":{"line":254,"column":null}},"88":{"start":{"line":257,"column":6},"end":{"line":257,"column":null}},"89":{"start":{"line":258,"column":6},"end":{"line":260,"column":null}},"90":{"start":{"line":259,"column":8},"end":{"line":259,"column":null}},"91":{"start":{"line":265,"column":6},"end":{"line":267,"column":null}},"92":{"start":{"line":266,"column":8},"end":{"line":266,"column":null}},"93":{"start":{"line":273,"column":4},"end":{"line":274,"column":null}},"94":{"start":{"line":274,"column":6},"end":{"line":274,"column":null}},"95":{"start":{"line":277,"column":20},"end":{"line":277,"column":null}},"96":{"start":{"line":278,"column":4},"end":{"line":278,"column":null}},"97":{"start":{"line":280,"column":4},"end":{"line":288,"column":null}}},"fnMap":{"0":{"name":"debug","decl":{"start":{"line":16,"column":9},"end":{"line":16,"column":15}},"loc":{"start":{"line":16,"column":55},"end":{"line":19,"column":null}}},"1":{"name":"parseModelString","decl":{"start":{"line":27,"column":16},"end":{"line":27,"column":33}},"loc":{"start":{"line":30,"column":2},"end":{"line":38,"column":null}}},"2":{"name":"getMcpServerPath","decl":{"start":{"line":44,"column":9},"end":{"line":44,"column":36}},"loc":{"start":{"line":44,"column":36},"end":{"line":46,"column":null}}},"3":{"name":"(anonymous_3)","decl":{"start":{"line":58,"column":2},"end":{"line":58,"column":10}},"loc":{"start":{"line":58,"column":63},"end":{"line":59,"column":null}}},"4":{"name":"(anonymous_4)","decl":{"start":{"line":62,"column":2},"end":{"line":62,"column":8}},"loc":{"start":{"line":62,"column":36},"end":{"line":71,"column":null}}},"5":{"name":"(anonymous_5)","decl":{"start":{"line":75,"column":2},"end":{"line":75,"column":8}},"loc":{"start":{"line":75,"column":34},"end":{"line":79,"column":null}}},"6":{"name":"(anonymous_6)","decl":{"start":{"line":87,"column":2},"end":{"line":87,"column":16}},"loc":{"start":{"line":90,"column":19},"end":{"line":117,"column":null}}},"7":{"name":"(anonymous_7)","decl":{"start":{"line":104,"column":20},"end":{"line":104,"column":25}},"loc":{"start":{"line":104,"column":32},"end":{"line":108,"column":17}}},"8":{"name":"(anonymous_8)","decl":{"start":{"line":120,"column":2},"end":{"line":120,"column":9}},"loc":{"start":{"line":122,"column":53},"end":{"line":288,"column":null}}},"9":{"name":"(anonymous_9)","decl":{"start":{"line":159,"column":25},"end":{"line":159,"column":37}},"loc":{"start":{"line":159,"column":37},"end":{"line":163,"column":null}}},"10":{"name":"(anonymous_10)","decl":{"start":{"line":169,"column":29},"end":{"line":169,"column":41}},"loc":{"start":{"line":169,"column":41},"end":{"line":172,"column":19}}},"11":{"name":"(anonymous_11)","decl":{"start":{"line":179,"column":40},"end":{"line":179,"column":55}},"loc":{"start":{"line":179,"column":55},"end":{"line":179,"column":69}}},"12":{"name":"(anonymous_12)","decl":{"start":{"line":186,"column":21},"end":{"line":186,"column":33}},"loc":{"start":{"line":186,"column":33},"end":{"line":188,"column":null}}},"13":{"name":"(anonymous_13)","decl":{"start":{"line":238,"column":13},"end":{"line":238,"column":21}},"loc":{"start":{"line":238,"column":27},"end":{"line":238,"column":55}}},"14":{"name":"(anonymous_14)","decl":{"start":{"line":239,"column":13},"end":{"line":239,"column":18}},"loc":{"start":{"line":239,"column":24},"end":{"line":239,"column":32}}}},"branchMap":{"0":{"loc":{"start":{"line":17,"column":2},"end":{"line":19,"column":null}},"type":"if","locations":[{"start":{"line":17,"column":2},"end":{"line":19,"column":null}},{"start":{},"end":{}}]},"1":{"loc":{"start":{"line":32,"column":2},"end":{"line":33,"column":null}},"type":"if","locations":[{"start":{"line":32,"column":2},"end":{"line":33,"column":null}},{"start":{},"end":{}}]},"2":{"loc":{"start":{"line":67,"column":4},"end":{"line":71,"column":null}},"type":"if","locations":[{"start":{"line":67,"column":4},"end":{"line":71,"column":null}},{"start":{},"end":{}}]},"3":{"loc":{"start":{"line":76,"column":4},"end":{"line":79,"column":null}},"type":"if","locations":[{"start":{"line":76,"column":4},"end":{"line":79,"column":null}},{"start":{},"end":{}}]},"4":{"loc":{"start":{"line":91,"column":4},"end":{"line":91,"column":null}},"type":"if","locations":[{"start":{"line":91,"column":4},"end":{"line":91,"column":null}},{"start":{},"end":{}}]},"5":{"loc":{"start":{"line":123,"column":4},"end":{"line":126,"column":null}},"type":"if","locations":[{"start":{"line":123,"column":4},"end":{"line":126,"column":null}},{"start":{},"end":{}}]},"6":{"loc":{"start":{"line":131,"column":17},"end":{"line":131,"column":null}},"type":"binary-expr","locations":[{"start":{"line":131,"column":17},"end":{"line":131,"column":35}},{"start":{"line":131,"column":35},"end":{"line":131,"column":null}}]},"7":{"loc":{"start":{"line":168,"column":4},"end":{"line":172,"column":null}},"type":"if","locations":[{"start":{"line":168,"column":4},"end":{"line":172,"column":null}},{"start":{},"end":{}}]},"8":{"loc":{"start":{"line":175,"column":4},"end":{"line":181,"column":null}},"type":"if","locations":[{"start":{"line":175,"column":4},"end":{"line":181,"column":null}},{"start":{},"end":{}}]},"9":{"loc":{"start":{"line":176,"column":6},"end":{"line":181,"column":null}},"type":"if","locations":[{"start":{"line":176,"column":6},"end":{"line":181,"column":null}},{"start":{"line":178,"column":13},"end":{"line":181,"column":null}}]},"10":{"loc":{"start":{"line":201,"column":8},"end":{"line":201,"column":null}},"type":"cond-expr","locations":[{"start":{"line":201,"column":18},"end":{"line":201,"column":34}},{"start":{"line":201,"column":34},"end":{"line":201,"column":null}}]},"11":{"loc":{"start":{"line":232,"column":6},"end":{"line":243,"column":null}},"type":"if","locations":[{"start":{"line":232,"column":6},"end":{"line":243,"column":null}},{"start":{},"end":{}}]},"12":{"loc":{"start":{"line":236,"column":8},"end":{"line":243,"column":null}},"type":"if","locations":[{"start":{"line":236,"column":8},"end":{"line":243,"column":null}},{"start":{},"end":{}}]},"13":{"loc":{"start":{"line":238,"column":27},"end":{"line":238,"column":55}},"type":"binary-expr","locations":[{"start":{"line":238,"column":27},"end":{"line":238,"column":48}},{"start":{"line":238,"column":48},"end":{"line":238,"column":55}}]},"14":{"loc":{"start":{"line":241,"column":10},"end":{"line":243,"column":null}},"type":"if","locations":[{"start":{"line":241,"column":10},"end":{"line":243,"column":null}},{"start":{},"end":{}}]},"15":{"loc":{"start":{"line":250,"column":18},"end":{"line":250,"column":38}},"type":"binary-expr","locations":[{"start":{"line":250,"column":18},"end":{"line":250,"column":34}},{"start":{"line":250,"column":34},"end":{"line":250,"column":38}}]},"16":{"loc":{"start":{"line":253,"column":6},"end":{"line":253,"column":null}},"type":"if","locations":[{"start":{"line":253,"column":6},"end":{"line":253,"column":null}},{"start":{},"end":{}}]},"17":{"loc":{"start":{"line":277,"column":20},"end":{"line":277,"column":null}},"type":"binary-expr","locations":[{"start":{"line":277,"column":20},"end":{"line":277,"column":36}},{"start":{"line":277,"column":36},"end":{"line":277,"column":null}}]}},"s":{"0":1,"1":0,"2":0,"3":0,"4":5,"5":5,"6":2,"7":3,"8":0,"9":0,"10":0,"11":0,"12":0,"13":0,"14":0,"15":0,"16":0,"17":0,"18":0,"19":0,"20":0,"21":0,"22":0,"23":0,"24":0,"25":0,"26":0,"27":0,"28":0,"29":0,"30":0,"31":0,"32":0,"33":0,"34":0,"35":0,"36":0,"37":0,"38":0,"39":0,"40":0,"41":0,"42":0,"43":0,"44":0,"45":0,"46":0,"47":0,"48":0,"49":0,"50":0,"51":0,"52":0,"53":0,"54":0,"55":0,"56":0,"57":0,"58":0,"59":0,"60":0,"61":0,"62":0,"63":0,"64":0,"65":0,"66":0,"67":0,"68":0,"69":0,"70":0,"71":0,"72":0,"73":0,"74":0,"75":0,"76":0,"77":0,"78":0,"79":0,"80":0,"81":0,"82":0,"83":0,"84":0,"85":0,"86":0,"87":0,"88":0,"89":0,"90":0,"91":0,"92":0,"93":0,"94":0,"95":0,"96":0,"97":0},"f":{"0":0,"1":5,"2":0,"3":0,"4":0,"5":0,"6":0,"7":0,"8":0,"9":0,"10":0,"11":0,"12":0,"13":0,"14":0},"b":{"0":[0,0],"1":[2,3],"2":[0,0],"3":[0,0],"4":[0,0],"5":[0,0],"6":[0,0],"7":[0,0],"8":[0,0],"9":[0,0],"10":[0,0],"11":[0,0],"12":[0,0],"13":[0,0],"14":[0,0],"15":[0,0],"16":[0,0],"17":[0,0]}},"/Users/carlrobinson/Desktop/closed_source/onpush-cli/src/generation/prompts/types/product-overview.ts":{"path":"/Users/carlrobinson/Desktop/closed_source/onpush-cli/src/generation/prompts/types/product-overview.ts","statementMap":{"0":{"start":{"line":2,"column":2},"end":{"line":2,"column":null}}},"fnMap":{"0":{"name":"getPrompt","decl":{"start":{"line":1,"column":16},"end":{"line":1,"column":36}},"loc":{"start":{"line":1,"column":36},"end":{"line":2,"column":null}}}},"branchMap":{},"s":{"0":0},"f":{"0":0},"b":{}},"/Users/carlrobinson/Desktop/closed_source/onpush-cli/src/generation/prompts/types/architecture.ts":{"path":"/Users/carlrobinson/Desktop/closed_source/onpush-cli/src/generation/prompts/types/architecture.ts","statementMap":{"0":{"start":{"line":2,"column":2},"end":{"line":2,"column":null}}},"fnMap":{"0":{"name":"getPrompt","decl":{"start":{"line":1,"column":16},"end":{"line":1,"column":36}},"loc":{"start":{"line":1,"column":36},"end":{"line":2,"column":null}}}},"branchMap":{},"s":{"0":12},"f":{"0":12},"b":{}},"/Users/carlrobinson/Desktop/closed_source/onpush-cli/src/generation/prompts/types/api-reference.ts":{"path":"/Users/carlrobinson/Desktop/closed_source/onpush-cli/src/generation/prompts/types/api-reference.ts","statementMap":{"0":{"start":{"line":2,"column":2},"end":{"line":2,"column":null}}},"fnMap":{"0":{"name":"getPrompt","decl":{"start":{"line":1,"column":16},"end":{"line":1,"column":36}},"loc":{"start":{"line":1,"column":36},"end":{"line":2,"column":null}}}},"branchMap":{},"s":{"0":0},"f":{"0":0},"b":{}},"/Users/carlrobinson/Desktop/closed_source/onpush-cli/src/generation/prompts/types/business-overview.ts":{"path":"/Users/carlrobinson/Desktop/closed_source/onpush-cli/src/generation/prompts/types/business-overview.ts","statementMap":{"0":{"start":{"line":2,"column":2},"end":{"line":2,"column":null}}},"fnMap":{"0":{"name":"getPrompt","decl":{"start":{"line":1,"column":16},"end":{"line":1,"column":36}},"loc":{"start":{"line":1,"column":36},"end":{"line":2,"column":null}}}},"branchMap":{},"s":{"0":0},"f":{"0":0},"b":{}},"/Users/carlrobinson/Desktop/closed_source/onpush-cli/src/generation/prompts/types/security.ts":{"path":"/Users/carlrobinson/Desktop/closed_source/onpush-cli/src/generation/prompts/types/security.ts","statementMap":{"0":{"start":{"line":2,"column":2},"end":{"line":2,"column":null}}},"fnMap":{"0":{"name":"getPrompt","decl":{"start":{"line":1,"column":16},"end":{"line":1,"column":36}},"loc":{"start":{"line":1,"column":36},"end":{"line":2,"column":null}}}},"branchMap":{},"s":{"0":0},"f":{"0":0},"b":{}},"/Users/carlrobinson/Desktop/closed_source/onpush-cli/src/generation/prompts/types/testing.ts":{"path":"/Users/carlrobinson/Desktop/closed_source/onpush-cli/src/generation/prompts/types/testing.ts","statementMap":{"0":{"start":{"line":2,"column":2},"end":{"line":2,"column":null}}},"fnMap":{"0":{"name":"getPrompt","decl":{"start":{"line":1,"column":16},"end":{"line":1,"column":36}},"loc":{"start":{"line":1,"column":36},"end":{"line":2,"column":null}}}},"branchMap":{},"s":{"0":0},"f":{"0":0},"b":{}},"/Users/carlrobinson/Desktop/closed_source/onpush-cli/src/generation/prompts/types/data-model.ts":{"path":"/Users/carlrobinson/Desktop/closed_source/onpush-cli/src/generation/prompts/types/data-model.ts","statementMap":{"0":{"start":{"line":2,"column":2},"end":{"line":2,"column":null}}},"fnMap":{"0":{"name":"getPrompt","decl":{"start":{"line":1,"column":16},"end":{"line":1,"column":36}},"loc":{"start":{"line":1,"column":36},"end":{"line":2,"column":null}}}},"branchMap":{},"s":{"0":0},"f":{"0":0},"b":{}},"/Users/carlrobinson/Desktop/closed_source/onpush-cli/src/generation/prompts/types/deployment.ts":{"path":"/Users/carlrobinson/Desktop/closed_source/onpush-cli/src/generation/prompts/types/deployment.ts","statementMap":{"0":{"start":{"line":2,"column":2},"end":{"line":2,"column":null}}},"fnMap":{"0":{"name":"getPrompt","decl":{"start":{"line":1,"column":16},"end":{"line":1,"column":36}},"loc":{"start":{"line":1,"column":36},"end":{"line":2,"column":null}}}},"branchMap":{},"s":{"0":0},"f":{"0":0},"b":{}},"/Users/carlrobinson/Desktop/closed_source/onpush-cli/src/generation/prompts/types/known-issues.ts":{"path":"/Users/carlrobinson/Desktop/closed_source/onpush-cli/src/generation/prompts/types/known-issues.ts","statementMap":{"0":{"start":{"line":2,"column":2},"end":{"line":2,"column":null}}},"fnMap":{"0":{"name":"getPrompt","decl":{"start":{"line":1,"column":16},"end":{"line":1,"column":36}},"loc":{"start":{"line":1,"column":36},"end":{"line":2,"column":null}}}},"branchMap":{},"s":{"0":0},"f":{"0":0},"b":{}},"/Users/carlrobinson/Desktop/closed_source/onpush-cli/src/generation/prompts/system.ts":{"path":"/Users/carlrobinson/Desktop/closed_source/onpush-cli/src/generation/prompts/system.ts","statementMap":{"0":{"start":{"line":16,"column":49},"end":{"line":26,"column":null}},"1":{"start":{"line":42,"column":4},"end":{"line":42,"column":null}},"2":{"start":{"line":44,"column":29},"end":{"line":44,"column":31}},"3":{"start":{"line":47,"column":2},"end":{"line":51,"column":null}},"4":{"start":{"line":54,"column":2},"end":{"line":61,"column":null}},"5":{"start":{"line":64,"column":2},"end":{"line":74,"column":null}},"6":{"start":{"line":65,"column":4},"end":{"line":67,"column":null}},"7":{"start":{"line":69,"column":21},"end":{"line":71,"column":17}},"8":{"start":{"line":70,"column":18},"end":{"line":70,"column":58}},"9":{"start":{"line":72,"column":4},"end":{"line":74,"column":null}},"10":{"start":{"line":78,"column":2},"end":{"line":85,"column":null}},"11":{"start":{"line":87,"column":2},"end":{"line":90,"column":null}},"12":{"start":{"line":88,"column":4},"end":{"line":90,"column":null}},"13":{"start":{"line":93,"column":2},"end":{"line":95,"column":null}},"14":{"start":{"line":98,"column":23},"end":{"line":98,"column":null}},"15":{"start":{"line":99,"column":2},"end":{"line":105,"column":null}},"16":{"start":{"line":100,"column":4},"end":{"line":100,"column":null}},"17":{"start":{"line":103,"column":4},"end":{"line":105,"column":null}},"18":{"start":{"line":109,"column":2},"end":{"line":112,"column":null}},"19":{"start":{"line":110,"column":4},"end":{"line":112,"column":null}},"20":{"start":{"line":116,"column":2},"end":{"line":144,"column":null}},"21":{"start":{"line":117,"column":25},"end":{"line":123,"column":17}},"22":{"start":{"line":118,"column":22},"end":{"line":118,"column":36}},"23":{"start":{"line":121,"column":10},"end":{"line":121,"column":null}},"24":{"start":{"line":125,"column":4},"end":{"line":144,"column":null}},"25":{"start":{"line":148,"column":2},"end":{"line":154,"column":null}},"26":{"start":{"line":156,"column":2},"end":{"line":156,"column":null}},"27":{"start":{"line":168,"column":19},"end":{"line":170,"column":15}},"28":{"start":{"line":169,"column":16},"end":{"line":169,"column":60}},"29":{"start":{"line":172,"column":21},"end":{"line":178,"column":15}},"30":{"start":{"line":173,"column":20},"end":{"line":173,"column":34}},"31":{"start":{"line":176,"column":8},"end":{"line":176,"column":null}},"32":{"start":{"line":180,"column":2},"end":{"line":188,"column":null}}},"fnMap":{"0":{"name":"buildSystemPrompt","decl":{"start":{"line":40,"column":16},"end":{"line":40,"column":34}},"loc":{"start":{"line":40,"column":66},"end":{"line":156,"column":null}}},"1":{"name":"(anonymous_1)","decl":{"start":{"line":70,"column":7},"end":{"line":70,"column":12}},"loc":{"start":{"line":70,"column":18},"end":{"line":70,"column":58}}},"2":{"name":"(anonymous_2)","decl":{"start":{"line":118,"column":7},"end":{"line":118,"column":15}},"loc":{"start":{"line":118,"column":22},"end":{"line":118,"column":36}}},"3":{"name":"(anonymous_3)","decl":{"start":{"line":119,"column":7},"end":{"line":119,"column":null}},"loc":{"start":{"line":121,"column":10},"end":{"line":121,"column":null}}},"4":{"name":"buildTriagePrompt","decl":{"start":{"line":163,"column":16},"end":{"line":163,"column":null}},"loc":{"start":{"line":167,"column":10},"end":{"line":188,"column":null}}},"5":{"name":"(anonymous_5)","decl":{"start":{"line":169,"column":5},"end":{"line":169,"column":10}},"loc":{"start":{"line":169,"column":16},"end":{"line":169,"column":60}}},"6":{"name":"(anonymous_6)","decl":{"start":{"line":173,"column":5},"end":{"line":173,"column":13}},"loc":{"start":{"line":173,"column":20},"end":{"line":173,"column":34}}},"7":{"name":"(anonymous_7)","decl":{"start":{"line":174,"column":5},"end":{"line":174,"column":null}},"loc":{"start":{"line":176,"column":8},"end":{"line":176,"column":null}}}},"branchMap":{"0":{"loc":{"start":{"line":48,"column":145},"end":{"line":48,"column":212}},"type":"cond-expr","locations":[{"start":{"line":48,"column":174},"end":{"line":48,"column":209}},{"start":{"line":48,"column":209},"end":{"line":48,"column":212}}]},"1":{"loc":{"start":{"line":64,"column":2},"end":{"line":74,"column":null}},"type":"if","locations":[{"start":{"line":64,"column":2},"end":{"line":74,"column":null}},{"start":{"line":68,"column":9},"end":{"line":74,"column":null}}]},"2":{"loc":{"start":{"line":87,"column":2},"end":{"line":90,"column":null}},"type":"if","locations":[{"start":{"line":87,"column":2},"end":{"line":90,"column":null}},{"start":{},"end":{}}]},"3":{"loc":{"start":{"line":99,"column":2},"end":{"line":105,"column":null}},"type":"if","locations":[{"start":{"line":99,"column":2},"end":{"line":105,"column":null}},{"start":{"line":101,"column":9},"end":{"line":105,"column":null}}]},"4":{"loc":{"start":{"line":109,"column":2},"end":{"line":112,"column":null}},"type":"if","locations":[{"start":{"line":109,"column":2},"end":{"line":112,"column":null}},{"start":{},"end":{}}]},"5":{"loc":{"start":{"line":116,"column":2},"end":{"line":144,"column":null}},"type":"if","locations":[{"start":{"line":116,"column":2},"end":{"line":144,"column":null}},{"start":{},"end":{}}]},"6":{"loc":{"start":{"line":116,"column":6},"end":{"line":116,"column":55}},"type":"binary-expr","locations":[{"start":{"line":116,"column":6},"end":{"line":116,"column":23}},{"start":{"line":116,"column":23},"end":{"line":116,"column":42}},{"start":{"line":116,"column":42},"end":{"line":116,"column":55}}]},"7":{"loc":{"start":{"line":121,"column":32},"end":{"line":121,"column":54}},"type":"binary-expr","locations":[{"start":{"line":121,"column":32},"end":{"line":121,"column":46}},{"start":{"line":121,"column":46},"end":{"line":121,"column":54}}]},"8":{"loc":{"start":{"line":176,"column":30},"end":{"line":176,"column":52}},"type":"binary-expr","locations":[{"start":{"line":176,"column":30},"end":{"line":176,"column":44}},{"start":{"line":176,"column":44},"end":{"line":176,"column":52}}]}},"s":{"0":1,"1":13,"2":13,"3":13,"4":13,"5":13,"6":12,"7":1,"8":2,"9":1,"10":13,"11":13,"12":12,"13":13,"14":13,"15":13,"16":12,"17":1,"18":13,"19":1,"20":13,"21":1,"22":1,"23":1,"24":1,"25":13,"26":13,"27":6,"28":7,"29":6,"30":7,"31":6,"32":6},"f":{"0":13,"1":2,"2":1,"3":1,"4":6,"5":7,"6":7,"7":6},"b":{"0":[13,0],"1":[12,1],"2":[12,1],"3":[12,1],"4":[1,12],"5":[1,12],"6":[13,1,1],"7":[1,0],"8":[6,4]}}}}